{"/Users/apple/quick-chat/app-env.d.ts": {"path":"/Users/apple/quick-chat/app-env.d.ts","statementMap":{},"fnMap":{},"branchMap":{},"s":{},"f":{},"b":{}}
,"/Users/apple/quick-chat/jest.config.js": {"path":"/Users/apple/quick-chat/jest.config.js","statementMap":{"0":{"start":{"line":2,"column":0},"end":{"line":39,"column":2}}},"fnMap":{},"branchMap":{},"s":{"0":0},"f":{},"b":{}}
,"/Users/apple/quick-chat/metro.config.js": {"path":"/Users/apple/quick-chat/metro.config.js","statementMap":{"0":{"start":{"line":1,"column":29},"end":{"line":1,"column":58}},"1":{"start":{"line":2,"column":27},"end":{"line":2,"column":54}},"2":{"start":{"line":4,"column":15},"end":{"line":4,"column":42}},"3":{"start":{"line":7,"column":0},"end":{"line":7,"column":75}},"4":{"start":{"line":8,"column":0},"end":{"line":10,"column":2}},"5":{"start":{"line":13,"column":0},"end":{"line":13,"column":67}}},"fnMap":{},"branchMap":{},"s":{"0":0,"1":0,"2":0,"3":0,"4":0,"5":0},"f":{},"b":{}}
,"/Users/apple/quick-chat/nativewind-env.d.ts": {"path":"/Users/apple/quick-chat/nativewind-env.d.ts","statementMap":{},"fnMap":{},"branchMap":{},"s":{},"f":{},"b":{}}
,"/Users/apple/quick-chat/prettier.config.js": {"path":"/Users/apple/quick-chat/prettier.config.js","statementMap":{"0":{"start":{"line":1,"column":0},"end":{"line":11,"column":2}}},"fnMap":{},"branchMap":{},"s":{"0":0},"f":{},"b":{}}
,"/Users/apple/quick-chat/tailwind.config.js": {"path":"/Users/apple/quick-chat/tailwind.config.js","statementMap":{"0":{"start":{"line":2,"column":0},"end":{"line":46,"column":2}}},"fnMap":{},"branchMap":{},"s":{"0":0},"f":{},"b":{}}
,"/Users/apple/quick-chat/app/+html.tsx": {"path":"/Users/apple/quick-chat/app/+html.tsx","statementMap":{"0":{"start":{"line":1,"column":0},"end":{"line":1,"column":56}},"1":{"start":{"line":8,"column":2},"end":{"line":35,"column":4}},"2":{"start":{"line":7,"column":0},"end":{"line":7,"column":24}},"3":{"start":{"line":38,"column":29},"end":{"line":44,"column":3}}},"fnMap":{"0":{"name":"Root","decl":{"start":{"line":7,"column":24},"end":{"line":7,"column":28}},"loc":{"start":{"line":7,"column":72},"end":{"line":36,"column":1}}}},"branchMap":{},"s":{"0":0,"1":0,"2":0,"3":0},"f":{"0":0},"b":{}}
,"/Users/apple/quick-chat/app/+not-found.tsx": {"path":"/Users/apple/quick-chat/app/+not-found.tsx","statementMap":{"0":{"start":{"line":1,"column":0},"end":{"line":1,"column":50}},"1":{"start":{"line":2,"column":0},"end":{"line":2,"column":67}},"2":{"start":{"line":5,"column":2},"end":{"line":27,"column":4}},"3":{"start":{"line":21,"column":27},"end":{"line":21,"column":67}},"4":{"start":{"line":4,"column":0},"end":{"line":4,"column":24}}},"fnMap":{"0":{"name":"NotFoundScreen","decl":{"start":{"line":4,"column":24},"end":{"line":4,"column":38}},"loc":{"start":{"line":4,"column":38},"end":{"line":28,"column":1}}},"1":{"name":"(anonymous_1)","decl":{"start":{"line":21,"column":21},"end":{"line":21,"column":24}},"loc":{"start":{"line":21,"column":27},"end":{"line":21,"column":67}}}},"branchMap":{"0":{"loc":{"start":{"line":21,"column":39},"end":{"line":21,"column":66}},"type":"cond-expr","locations":[{"start":{"line":21,"column":49},"end":{"line":21,"column":60}},{"start":{"line":21,"column":63},"end":{"line":21,"column":66}}]}},"s":{"0":0,"1":0,"2":0,"3":0,"4":0},"f":{"0":0,"1":0},"b":{"0":[0,0]}}
,"/Users/apple/quick-chat/app/_layout.tsx": {"path":"/Users/apple/quick-chat/app/_layout.tsx","statementMap":{"0":{"start":{"line":1,"column":0},"end":{"line":1,"column":82}},"1":{"start":{"line":2,"column":0},"end":{"line":2,"column":73}},"2":{"start":{"line":3,"column":0},"end":{"line":3,"column":54}},"3":{"start":{"line":4,"column":0},"end":{"line":4,"column":35}},"4":{"start":{"line":5,"column":0},"end":{"line":5,"column":46}},"5":{"start":{"line":6,"column":0},"end":{"line":6,"column":70}},"6":{"start":{"line":7,"column":0},"end":{"line":7,"column":47}},"7":{"start":{"line":9,"column":0},"end":{"line":9,"column":23}},"8":{"start":{"line":10,"column":0},"end":{"line":10,"column":69}},"9":{"start":{"line":11,"column":0},"end":{"line":11,"column":45}},"10":{"start":{"line":14,"column":25},"end":{"line":24,"column":2}},"11":{"start":{"line":26,"column":24},"end":{"line":36,"column":2}},"12":{"start":{"line":39,"column":22},"end":{"line":39,"column":38}},"13":{"start":{"line":40,"column":22},"end":{"line":40,"column":39}},"14":{"start":{"line":42,"column":2},"end":{"line":55,"column":4}},"15":{"start":{"line":38,"column":0},"end":{"line":38,"column":24}}},"fnMap":{"0":{"name":"RootLayout","decl":{"start":{"line":38,"column":24},"end":{"line":38,"column":34}},"loc":{"start":{"line":38,"column":34},"end":{"line":56,"column":1}}}},"branchMap":{"0":{"loc":{"start":{"line":43,"column":26},"end":{"line":43,"column":85}},"type":"cond-expr","locations":[{"start":{"line":43,"column":51},"end":{"line":43,"column":66}},{"start":{"line":43,"column":69},"end":{"line":43,"column":85}}]}},"s":{"0":0,"1":0,"2":0,"3":0,"4":0,"5":0,"6":0,"7":0,"8":0,"9":0,"10":0,"11":0,"12":0,"13":0,"14":0,"15":0},"f":{"0":0},"b":{"0":[0,0]}}
,"/Users/apple/quick-chat/app/index.tsx": {"path":"/Users/apple/quick-chat/app/index.tsx","statementMap":{"0":{"start":{"line":1,"column":0},"end":{"line":1,"column":39}},"1":{"start":{"line":3,"column":0},"end":{"line":3,"column":52}},"2":{"start":{"line":4,"column":0},"end":{"line":4,"column":45}},"3":{"start":{"line":7,"column":26},"end":{"line":7,"column":30}},"4":{"start":{"line":8,"column":2},"end":{"line":10,"column":3}},"5":{"start":{"line":9,"column":4},"end":{"line":9,"column":45}},"6":{"start":{"line":11,"column":2},"end":{"line":11,"column":24}},"7":{"start":{"line":6,"column":0},"end":{"line":6,"column":24}}},"fnMap":{"0":{"name":"Home","decl":{"start":{"line":6,"column":24},"end":{"line":6,"column":28}},"loc":{"start":{"line":6,"column":28},"end":{"line":12,"column":1}}}},"branchMap":{"0":{"loc":{"start":{"line":8,"column":2},"end":{"line":10,"column":3}},"type":"if","locations":[{"start":{"line":8,"column":2},"end":{"line":10,"column":3}}]}},"s":{"0":0,"1":0,"2":0,"3":0,"4":0,"5":0,"6":0,"7":0},"f":{"0":0},"b":{"0":[0]}}
,"/Users/apple/quick-chat/app/sign-in.tsx": {"path":"/Users/apple/quick-chat/app/sign-in.tsx","statementMap":{"0":{"start":{"line":1,"column":0},"end":{"line":1,"column":44}},"1":{"start":{"line":3,"column":21},"end":{"line":5,"column":1}},"2":{"start":{"line":4,"column":2},"end":{"line":4,"column":20}},"3":{"start":{"line":7,"column":0},"end":{"line":7,"column":28}}},"fnMap":{"0":{"name":"(anonymous_1)","decl":{"start":{"line":3,"column":21},"end":{"line":3,"column":24}},"loc":{"start":{"line":3,"column":26},"end":{"line":5,"column":1}}}},"branchMap":{},"s":{"0":0,"1":0,"2":0,"3":0},"f":{"0":0},"b":{}}
,"/Users/apple/quick-chat/app/sign-up.tsx": {"path":"/Users/apple/quick-chat/app/sign-up.tsx","statementMap":{"0":{"start":{"line":1,"column":0},"end":{"line":1,"column":44}},"1":{"start":{"line":2,"column":0},"end":{"line":2,"column":26}},"2":{"start":{"line":4,"column":21},"end":{"line":6,"column":1}},"3":{"start":{"line":5,"column":2},"end":{"line":5,"column":20}},"4":{"start":{"line":8,"column":0},"end":{"line":8,"column":28}}},"fnMap":{"0":{"name":"(anonymous_1)","decl":{"start":{"line":4,"column":21},"end":{"line":4,"column":24}},"loc":{"start":{"line":4,"column":26},"end":{"line":6,"column":1}}}},"branchMap":{},"s":{"0":0,"1":0,"2":0,"3":0,"4":0},"f":{"0":0},"b":{}}
,"/Users/apple/quick-chat/app/(tabs)/_layout.tsx": {"path":"/Users/apple/quick-chat/app/(tabs)/_layout.tsx","statementMap":{"0":{"start":{"line":1,"column":0},"end":{"line":1,"column":26}},"1":{"start":{"line":2,"column":0},"end":{"line":2,"column":57}},"2":{"start":{"line":3,"column":0},"end":{"line":3,"column":35}},"3":{"start":{"line":9,"column":2},"end":{"line":9,"column":75}},"4":{"start":{"line":13,"column":2},"end":{"line":35,"column":4}},"5":{"start":{"line":24,"column":37},"end":{"line":24,"column":80}},"6":{"start":{"line":31,"column":37},"end":{"line":31,"column":77}},"7":{"start":{"line":12,"column":0},"end":{"line":12,"column":24}}},"fnMap":{"0":{"name":"TabBarIcon","decl":{"start":{"line":5,"column":9},"end":{"line":5,"column":19}},"loc":{"start":{"line":8,"column":1},"end":{"line":10,"column":1}}},"1":{"name":"TabLayout","decl":{"start":{"line":12,"column":24},"end":{"line":12,"column":33}},"loc":{"start":{"line":12,"column":33},"end":{"line":36,"column":1}}},"2":{"name":"(anonymous_3)","decl":{"start":{"line":24,"column":22},"end":{"line":24,"column":23}},"loc":{"start":{"line":24,"column":37},"end":{"line":24,"column":80}}},"3":{"name":"(anonymous_4)","decl":{"start":{"line":31,"column":22},"end":{"line":31,"column":23}},"loc":{"start":{"line":31,"column":37},"end":{"line":31,"column":77}}}},"branchMap":{},"s":{"0":0,"1":0,"2":0,"3":0,"4":0,"5":0,"6":0,"7":0},"f":{"0":0,"1":0,"2":0,"3":0},"b":{}}
,"/Users/apple/quick-chat/app/(tabs)/chats/_layout.tsx": {"path":"/Users/apple/quick-chat/app/(tabs)/chats/_layout.tsx","statementMap":{"0":{"start":{"line":1,"column":0},"end":{"line":1,"column":29}},"1":{"start":{"line":2,"column":0},"end":{"line":2,"column":36}},"2":{"start":{"line":5,"column":2},"end":{"line":20,"column":4}},"3":{"start":{"line":4,"column":0},"end":{"line":4,"column":24}}},"fnMap":{"0":{"name":"PublicLayout","decl":{"start":{"line":4,"column":24},"end":{"line":4,"column":36}},"loc":{"start":{"line":4,"column":36},"end":{"line":21,"column":1}}}},"branchMap":{},"s":{"0":0,"1":0,"2":0,"3":0},"f":{"0":0},"b":{}}
,"/Users/apple/quick-chat/app/(tabs)/chats/index.tsx": {"path":"/Users/apple/quick-chat/app/(tabs)/chats/index.tsx","statementMap":{"0":{"start":{"line":1,"column":0},"end":{"line":1,"column":50}},"1":{"start":{"line":2,"column":0},"end":{"line":2,"column":26}},"2":{"start":{"line":4,"column":20},"end":{"line":6,"column":1}},"3":{"start":{"line":5,"column":2},"end":{"line":5,"column":23}},"4":{"start":{"line":8,"column":0},"end":{"line":8,"column":27}}},"fnMap":{"0":{"name":"(anonymous_1)","decl":{"start":{"line":4,"column":20},"end":{"line":4,"column":23}},"loc":{"start":{"line":4,"column":25},"end":{"line":6,"column":1}}}},"branchMap":{},"s":{"0":0,"1":0,"2":0,"3":0,"4":0},"f":{"0":0},"b":{}}
,"/Users/apple/quick-chat/app/(tabs)/profile/_layout.tsx": {"path":"/Users/apple/quick-chat/app/(tabs)/profile/_layout.tsx","statementMap":{"0":{"start":{"line":1,"column":0},"end":{"line":1,"column":29}},"1":{"start":{"line":2,"column":0},"end":{"line":2,"column":36}},"2":{"start":{"line":5,"column":2},"end":{"line":20,"column":4}},"3":{"start":{"line":4,"column":0},"end":{"line":4,"column":24}}},"fnMap":{"0":{"name":"PublicLayout","decl":{"start":{"line":4,"column":24},"end":{"line":4,"column":36}},"loc":{"start":{"line":4,"column":36},"end":{"line":21,"column":1}}}},"branchMap":{},"s":{"0":0,"1":0,"2":0,"3":0},"f":{"0":0},"b":{}}
,"/Users/apple/quick-chat/app/(tabs)/profile/index.tsx": {"path":"/Users/apple/quick-chat/app/(tabs)/profile/index.tsx","statementMap":{"0":{"start":{"line":1,"column":0},"end":{"line":1,"column":26}},"1":{"start":{"line":2,"column":0},"end":{"line":2,"column":52}},"2":{"start":{"line":4,"column":20},"end":{"line":6,"column":1}},"3":{"start":{"line":5,"column":2},"end":{"line":5,"column":27}},"4":{"start":{"line":8,"column":0},"end":{"line":8,"column":27}}},"fnMap":{"0":{"name":"(anonymous_1)","decl":{"start":{"line":4,"column":20},"end":{"line":4,"column":23}},"loc":{"start":{"line":4,"column":25},"end":{"line":6,"column":1}}}},"branchMap":{},"s":{"0":0,"1":0,"2":0,"3":0,"4":0},"f":{"0":0},"b":{}}
,"/Users/apple/quick-chat/app/chatroom/[id].tsx": {"path":"/Users/apple/quick-chat/app/chatroom/[id].tsx","statementMap":{"0":{"start":{"line":1,"column":0},"end":{"line":1,"column":48}},"1":{"start":{"line":2,"column":0},"end":{"line":2,"column":26}},"2":{"start":{"line":3,"column":0},"end":{"line":3,"column":36}},"3":{"start":{"line":5,"column":19},"end":{"line":11,"column":1}},"4":{"start":{"line":6,"column":2},"end":{"line":10,"column":13}},"5":{"start":{"line":13,"column":0},"end":{"line":13,"column":26}}},"fnMap":{"0":{"name":"(anonymous_1)","decl":{"start":{"line":5,"column":19},"end":{"line":5,"column":22}},"loc":{"start":{"line":5,"column":24},"end":{"line":11,"column":1}}}},"branchMap":{},"s":{"0":0,"1":0,"2":0,"3":0,"4":0,"5":0},"f":{"0":0},"b":{}}
,"/Users/apple/quick-chat/assets/index.ts": {"path":"/Users/apple/quick-chat/assets/index.ts","statementMap":{"0":{"start":{"line":1,"column":13},"end":{"line":7,"column":2}}},"fnMap":{},"branchMap":{},"s":{"0":0},"f":{},"b":{}}
,"/Users/apple/quick-chat/components/chats/chatRoom/ActiveTypingBubble.tsx": {"path":"/Users/apple/quick-chat/components/chats/chatRoom/ActiveTypingBubble.tsx","statementMap":{"0":{"start":{"line":1,"column":0},"end":{"line":1,"column":51}},"1":{"start":{"line":2,"column":0},"end":{"line":2,"column":36}},"2":{"start":{"line":4,"column":27},"end":{"line":48,"column":1}},"3":{"start":{"line":5,"column":40},"end":{"line":5,"column":53}},"4":{"start":{"line":6,"column":40},"end":{"line":6,"column":53}},"5":{"start":{"line":7,"column":40},"end":{"line":7,"column":53}},"6":{"start":{"line":9,"column":2},"end":{"line":35,"column":9}},"7":{"start":{"line":10,"column":23},"end":{"line":22,"column":5}},"8":{"start":{"line":16,"column":6},"end":{"line":21,"column":16}},"9":{"start":{"line":17,"column":8},"end":{"line":17,"column":22}},"10":{"start":{"line":18,"column":8},"end":{"line":20,"column":16}},"11":{"start":{"line":19,"column":10},"end":{"line":19,"column":26}},"12":{"start":{"line":24,"column":27},"end":{"line":28,"column":5}},"13":{"start":{"line":25,"column":6},"end":{"line":25,"column":36}},"14":{"start":{"line":26,"column":6},"end":{"line":26,"column":38}},"15":{"start":{"line":27,"column":6},"end":{"line":27,"column":38}},"16":{"start":{"line":30,"column":21},"end":{"line":32,"column":12}},"17":{"start":{"line":31,"column":6},"end":{"line":31,"column":23}},"18":{"start":{"line":34,"column":4},"end":{"line":34,"column":41}},"19":{"start":{"line":34,"column":17},"end":{"line":34,"column":40}},"20":{"start":{"line":37,"column":2},"end":{"line":47,"column":4}},"21":{"start":{"line":50,"column":0},"end":{"line":50,"column":34}}},"fnMap":{"0":{"name":"(anonymous_6)","decl":{"start":{"line":4,"column":27},"end":{"line":4,"column":30}},"loc":{"start":{"line":4,"column":32},"end":{"line":48,"column":1}}},"1":{"name":"(anonymous_7)","decl":{"start":{"line":9,"column":12},"end":{"line":9,"column":15}},"loc":{"start":{"line":9,"column":17},"end":{"line":35,"column":3}}},"2":{"name":"(anonymous_8)","decl":{"start":{"line":10,"column":23},"end":{"line":10,"column":null}},"loc":{"start":{"line":15,"column":8},"end":{"line":22,"column":5}}},"3":{"name":"(anonymous_9)","decl":{"start":{"line":16,"column":17},"end":{"line":16,"column":20}},"loc":{"start":{"line":16,"column":22},"end":{"line":21,"column":7}}},"4":{"name":"(anonymous_10)","decl":{"start":{"line":18,"column":19},"end":{"line":18,"column":22}},"loc":{"start":{"line":18,"column":24},"end":{"line":20,"column":9}}},"5":{"name":"(anonymous_11)","decl":{"start":{"line":24,"column":27},"end":{"line":24,"column":30}},"loc":{"start":{"line":24,"column":32},"end":{"line":28,"column":5}}},"6":{"name":"(anonymous_12)","decl":{"start":{"line":30,"column":33},"end":{"line":30,"column":36}},"loc":{"start":{"line":30,"column":38},"end":{"line":32,"column":5}}},"7":{"name":"(anonymous_13)","decl":{"start":{"line":34,"column":11},"end":{"line":34,"column":14}},"loc":{"start":{"line":34,"column":17},"end":{"line":34,"column":40}}}},"branchMap":{},"s":{"0":0,"1":0,"2":0,"3":0,"4":0,"5":0,"6":0,"7":0,"8":0,"9":0,"10":0,"11":0,"12":0,"13":0,"14":0,"15":0,"16":0,"17":0,"18":0,"19":0,"20":0,"21":0},"f":{"0":0,"1":0,"2":0,"3":0,"4":0,"5":0,"6":0,"7":0},"b":{}}
,"/Users/apple/quick-chat/components/chats/chatRoom/MessageList.tsx": {"path":"/Users/apple/quick-chat/components/chats/chatRoom/MessageList.tsx","statementMap":{"0":{"start":{"line":2,"column":0},"end":{"line":2,"column":44}},"1":{"start":{"line":3,"column":0},"end":{"line":3,"column":46}},"2":{"start":{"line":5,"column":0},"end":{"line":5,"column":54}},"3":{"start":{"line":6,"column":0},"end":{"line":6,"column":58}},"4":{"start":{"line":8,"column":0},"end":{"line":8,"column":45}},"5":{"start":{"line":11,"column":20},"end":{"line":103,"column":1}},"6":{"start":{"line":34,"column":26},"end":{"line":34,"column":48}},"7":{"start":{"line":36,"column":21},"end":{"line":57,"column":3}},"8":{"start":{"line":37,"column":4},"end":{"line":39,"column":5}},"9":{"start":{"line":38,"column":6},"end":{"line":38,"column":45}},"10":{"start":{"line":41,"column":4},"end":{"line":55,"column":5}},"11":{"start":{"line":42,"column":28},"end":{"line":42,"column":54}},"12":{"start":{"line":43,"column":6},"end":{"line":54,"column":8}},"13":{"start":{"line":56,"column":4},"end":{"line":56,"column":16}},"14":{"start":{"line":58,"column":36},"end":{"line":76,"column":null}},"15":{"start":{"line":60,"column":6},"end":{"line":60,"column":52}},"16":{"start":{"line":61,"column":70},"end":{"line":61,"column":74}},"17":{"start":{"line":63,"column":6},"end":{"line":74,"column":7}},"18":{"start":{"line":64,"column":8},"end":{"line":67,"column":11}},"19":{"start":{"line":69,"column":23},"end":{"line":69,"column":48}},"20":{"start":{"line":70,"column":8},"end":{"line":73,"column":11}},"21":{"start":{"line":79,"column":23},"end":{"line":79,"column":75}},"22":{"start":{"line":79,"column":63},"end":{"line":79,"column":70}},"23":{"start":{"line":81,"column":2},"end":{"line":102,"column":4}},"24":{"start":{"line":93,"column":8},"end":{"line":96,"column":9}},"25":{"start":{"line":94,"column":10},"end":{"line":94,"column":30}},"26":{"start":{"line":95,"column":10},"end":{"line":95,"column":null}},"27":{"start":{"line":97,"column":8},"end":{"line":97,"column":null}},"28":{"start":{"line":99,"column":22},"end":{"line":99,"column":75}},"29":{"start":{"line":105,"column":0},"end":{"line":105,"column":27}}},"fnMap":{"0":{"name":"(anonymous_1)","decl":{"start":{"line":11,"column":20},"end":{"line":11,"column":21}},"loc":{"start":{"line":33,"column":5},"end":{"line":103,"column":1}}},"1":{"name":"(anonymous_2)","decl":{"start":{"line":36,"column":21},"end":{"line":36,"column":22}},"loc":{"start":{"line":36,"column":84},"end":{"line":57,"column":3}}},"2":{"name":"(anonymous_3)","decl":{"start":{"line":59,"column":4},"end":{"line":59,"column":5}},"loc":{"start":{"line":59,"column":94},"end":{"line":75,"column":5}}},"3":{"name":"(anonymous_4)","decl":{"start":{"line":79,"column":35},"end":{"line":79,"column":36}},"loc":{"start":{"line":79,"column":63},"end":{"line":79,"column":70}}},"4":{"name":"(anonymous_5)","decl":{"start":{"line":92,"column":22},"end":{"line":92,"column":25}},"loc":{"start":{"line":92,"column":27},"end":{"line":98,"column":7}}},"5":{"name":"(anonymous_6)","decl":{"start":{"line":99,"column":16},"end":{"line":99,"column":19}},"loc":{"start":{"line":99,"column":22},"end":{"line":99,"column":75}}}},"branchMap":{"0":{"loc":{"start":{"line":37,"column":4},"end":{"line":39,"column":5}},"type":"if","locations":[{"start":{"line":37,"column":4},"end":{"line":39,"column":5}}]},"1":{"loc":{"start":{"line":41,"column":4},"end":{"line":55,"column":5}},"type":"if","locations":[{"start":{"line":41,"column":4},"end":{"line":55,"column":5}}]},"2":{"loc":{"start":{"line":63,"column":6},"end":{"line":74,"column":7}},"type":"if","locations":[{"start":{"line":63,"column":6},"end":{"line":74,"column":7}},{"start":{"line":68,"column":13},"end":{"line":74,"column":7}}]},"3":{"loc":{"start":{"line":90,"column":27},"end":{"line":90,"column":89}},"type":"cond-expr","locations":[{"start":{"line":90,"column":60},"end":{"line":90,"column":82}},{"start":{"line":90,"column":85},"end":{"line":90,"column":89}}]},"4":{"loc":{"start":{"line":93,"column":8},"end":{"line":96,"column":9}},"type":"if","locations":[{"start":{"line":93,"column":8},"end":{"line":96,"column":9}}]}},"s":{"0":0,"1":0,"2":0,"3":0,"4":0,"5":0,"6":0,"7":0,"8":0,"9":0,"10":0,"11":0,"12":0,"13":0,"14":0,"15":0,"16":0,"17":0,"18":0,"19":0,"20":0,"21":0,"22":0,"23":0,"24":0,"25":0,"26":0,"27":0,"28":0,"29":0},"f":{"0":0,"1":0,"2":0,"3":0,"4":0,"5":0},"b":{"0":[0],"1":[0],"2":[0,0],"3":[0,0],"4":[0]}}
,"/Users/apple/quick-chat/components/chats/chatRoom/ReplyPreview.tsx": {"path":"/Users/apple/quick-chat/components/chats/chatRoom/ReplyPreview.tsx","statementMap":{"0":{"start":{"line":1,"column":0},"end":{"line":1,"column":51}},"1":{"start":{"line":2,"column":0},"end":{"line":2,"column":79}},"2":{"start":{"line":3,"column":0},"end":{"line":3,"column":26}},"3":{"start":{"line":4,"column":0},"end":{"line":4,"column":49}},"4":{"start":{"line":8,"column":21},"end":{"line":39,"column":1}},"5":{"start":{"line":15,"column":2},"end":{"line":38,"column":4}},"6":{"start":{"line":34,"column":25},"end":{"line":34,"column":46}},"7":{"start":{"line":41,"column":0},"end":{"line":41,"column":28}}},"fnMap":{"0":{"name":"(anonymous_1)","decl":{"start":{"line":8,"column":21},"end":{"line":8,"column":22}},"loc":{"start":{"line":14,"column":5},"end":{"line":39,"column":1}}},"1":{"name":"(anonymous_2)","decl":{"start":{"line":34,"column":19},"end":{"line":34,"column":22}},"loc":{"start":{"line":34,"column":25},"end":{"line":34,"column":46}}}},"branchMap":{"0":{"loc":{"start":{"line":18,"column":9},"end":{"line":18,"column":97}},"type":"binary-expr","locations":[{"start":{"line":18,"column":9},"end":{"line":18,"column":30}},{"start":{"line":18,"column":34},"end":{"line":18,"column":97}}]},"1":{"loc":{"start":{"line":20,"column":11},"end":{"line":20,"column":93}},"type":"cond-expr","locations":[{"start":{"line":20,"column":34},"end":{"line":20,"column":54}},{"start":{"line":20,"column":57},"end":{"line":20,"column":93}}]},"2":{"loc":{"start":{"line":20,"column":57},"end":{"line":20,"column":93}},"type":"cond-expr","locations":[{"start":{"line":20,"column":81},"end":{"line":20,"column":88}},{"start":{"line":20,"column":91},"end":{"line":20,"column":93}}]},"3":{"loc":{"start":{"line":25,"column":25},"end":{"line":25,"column":52}},"type":"binary-expr","locations":[{"start":{"line":25,"column":25},"end":{"line":25,"column":46}},{"start":{"line":25,"column":50},"end":{"line":25,"column":52}}]}},"s":{"0":0,"1":0,"2":0,"3":0,"4":0,"5":0,"6":0,"7":0},"f":{"0":0,"1":0},"b":{"0":[0,0],"1":[0,0],"2":[0,0],"3":[0,0]}}
,"/Users/apple/quick-chat/components/chats/chatRoom/chatHeader/ChatHeader.tsx": {"path":"/Users/apple/quick-chat/components/chats/chatRoom/chatHeader/ChatHeader.tsx","statementMap":{"0":{"start":{"line":1,"column":0},"end":{"line":1,"column":49}},"1":{"start":{"line":2,"column":0},"end":{"line":2,"column":51}},"2":{"start":{"line":3,"column":0},"end":{"line":3,"column":52}},"3":{"start":{"line":4,"column":0},"end":{"line":4,"column":37}},"4":{"start":{"line":5,"column":0},"end":{"line":5,"column":33}},"5":{"start":{"line":6,"column":0},"end":{"line":6,"column":67}},"6":{"start":{"line":8,"column":0},"end":{"line":8,"column":54}},"7":{"start":{"line":9,"column":0},"end":{"line":9,"column":51}},"8":{"start":{"line":11,"column":0},"end":{"line":11,"column":39}},"9":{"start":{"line":12,"column":0},"end":{"line":12,"column":48}},"10":{"start":{"line":15,"column":19},"end":{"line":80,"column":1}},"11":{"start":{"line":26,"column":19},"end":{"line":26,"column":29}},"12":{"start":{"line":28,"column":46},"end":{"line":28,"column":61}},"13":{"start":{"line":30,"column":2},"end":{"line":32,"column":3}},"14":{"start":{"line":31,"column":4},"end":{"line":31,"column":34}},"15":{"start":{"line":34,"column":2},"end":{"line":79,"column":4}},"16":{"start":{"line":41,"column":36},"end":{"line":41,"column":60}},"17":{"start":{"line":45,"column":81},"end":{"line":45,"column":94}},"18":{"start":{"line":71,"column":68},"end":{"line":71,"column":91}},"19":{"start":{"line":82,"column":0},"end":{"line":82,"column":26}}},"fnMap":{"0":{"name":"(anonymous_1)","decl":{"start":{"line":15,"column":19},"end":{"line":15,"column":20}},"loc":{"start":{"line":25,"column":5},"end":{"line":80,"column":1}}},"1":{"name":"(anonymous_2)","decl":{"start":{"line":41,"column":30},"end":{"line":41,"column":33}},"loc":{"start":{"line":41,"column":36},"end":{"line":41,"column":60}}},"2":{"name":"(anonymous_3)","decl":{"start":{"line":45,"column":75},"end":{"line":45,"column":78}},"loc":{"start":{"line":45,"column":81},"end":{"line":45,"column":94}}},"3":{"name":"(anonymous_4)","decl":{"start":{"line":71,"column":62},"end":{"line":71,"column":65}},"loc":{"start":{"line":71,"column":68},"end":{"line":71,"column":91}}}},"branchMap":{"0":{"loc":{"start":{"line":30,"column":2},"end":{"line":32,"column":3}},"type":"if","locations":[{"start":{"line":30,"column":2},"end":{"line":32,"column":3}}]},"1":{"loc":{"start":{"line":37,"column":9},"end":{"line":75,"column":null}},"type":"cond-expr","locations":[{"start":{"line":38,"column":10},"end":{"line":41,"column":null}},{"start":{"line":44,"column":10},"end":{"line":74,"column":null}}]},"2":{"loc":{"start":{"line":46,"column":64},"end":{"line":46,"column":92}},"type":"cond-expr","locations":[{"start":{"line":46,"column":71},"end":{"line":46,"column":80}},{"start":{"line":46,"column":83},"end":{"line":46,"column":92}}]},"3":{"loc":{"start":{"line":56,"column":21},"end":{"line":66,"column":null}},"type":"cond-expr","locations":[{"start":{"line":57,"column":22},"end":{"line":59,"column":null}},{"start":{"line":62,"column":22},"end":{"line":65,"column":null}}]},"4":{"loc":{"start":{"line":63,"column":25},"end":{"line":65,"column":37}},"type":"cond-expr","locations":[{"start":{"line":64,"column":28},"end":{"line":64,"column":86}},{"start":{"line":65,"column":28},"end":{"line":65,"column":37}}]}},"s":{"0":0,"1":0,"2":0,"3":0,"4":0,"5":0,"6":0,"7":0,"8":0,"9":0,"10":0,"11":0,"12":0,"13":0,"14":0,"15":0,"16":0,"17":0,"18":0,"19":0},"f":{"0":0,"1":0,"2":0,"3":0},"b":{"0":[0],"1":[0,0],"2":[0,0],"3":[0,0],"4":[0,0]}}
,"/Users/apple/quick-chat/components/chats/chatRoom/chatHeader/ChatHeaderSkeleton.tsx": {"path":"/Users/apple/quick-chat/components/chats/chatRoom/chatHeader/ChatHeaderSkeleton.tsx","statementMap":{"0":{"start":{"line":1,"column":0},"end":{"line":1,"column":36}},"1":{"start":{"line":3,"column":27},"end":{"line":13,"column":1}},"2":{"start":{"line":4,"column":2},"end":{"line":12,"column":4}},"3":{"start":{"line":14,"column":0},"end":{"line":14,"column":34}}},"fnMap":{"0":{"name":"(anonymous_0)","decl":{"start":{"line":3,"column":27},"end":{"line":3,"column":30}},"loc":{"start":{"line":3,"column":32},"end":{"line":13,"column":1}}}},"branchMap":{},"s":{"0":0,"1":0,"2":0,"3":0},"f":{"0":0},"b":{}}
,"/Users/apple/quick-chat/components/chats/chatRoom/chatTextInput/ChatTextInput.tsx": {"path":"/Users/apple/quick-chat/components/chats/chatRoom/chatTextInput/ChatTextInput.tsx","statementMap":{"0":{"start":{"line":1,"column":0},"end":{"line":1,"column":57}},"1":{"start":{"line":2,"column":0},"end":{"line":2,"column":79}},"2":{"start":{"line":3,"column":0},"end":{"line":3,"column":59}},"3":{"start":{"line":4,"column":0},"end":{"line":4,"column":65}},"4":{"start":{"line":19,"column":22},"end":{"line":93,"column":1}},"5":{"start":{"line":31,"column":36},"end":{"line":31,"column":51}},"6":{"start":{"line":32,"column":23},"end":{"line":32,"column":46}},"7":{"start":{"line":36,"column":18},"end":{"line":36,"column":37}},"8":{"start":{"line":38,"column":2},"end":{"line":44,"column":17}},"9":{"start":{"line":39,"column":4},"end":{"line":43,"column":5}},"10":{"start":{"line":40,"column":6},"end":{"line":40,"column":17}},"11":{"start":{"line":41,"column":6},"end":{"line":41,"column":36}},"12":{"start":{"line":42,"column":6},"end":{"line":42,"column":22}},"13":{"start":{"line":46,"column":24},"end":{"line":51,"column":3}},"14":{"start":{"line":47,"column":4},"end":{"line":47,"column":23}},"15":{"start":{"line":48,"column":4},"end":{"line":50,"column":5}},"16":{"start":{"line":49,"column":6},"end":{"line":49,"column":22}},"17":{"start":{"line":53,"column":23},"end":{"line":58,"column":3}},"18":{"start":{"line":54,"column":4},"end":{"line":54,"column":24}},"19":{"start":{"line":55,"column":4},"end":{"line":57,"column":5}},"20":{"start":{"line":56,"column":6},"end":{"line":56,"column":15}},"21":{"start":{"line":60,"column":2},"end":{"line":92,"column":4}},"22":{"start":{"line":70,"column":22},"end":{"line":70,"column":41}},"23":{"start":{"line":95,"column":0},"end":{"line":95,"column":29}}},"fnMap":{"0":{"name":"(anonymous_7)","decl":{"start":{"line":19,"column":22},"end":{"line":19,"column":23}},"loc":{"start":{"line":30,"column":25},"end":{"line":93,"column":1}}},"1":{"name":"(anonymous_8)","decl":{"start":{"line":38,"column":12},"end":{"line":38,"column":15}},"loc":{"start":{"line":38,"column":17},"end":{"line":44,"column":3}}},"2":{"name":"(anonymous_9)","decl":{"start":{"line":46,"column":24},"end":{"line":46,"column":27}},"loc":{"start":{"line":46,"column":29},"end":{"line":51,"column":3}}},"3":{"name":"(anonymous_10)","decl":{"start":{"line":53,"column":23},"end":{"line":53,"column":26}},"loc":{"start":{"line":53,"column":28},"end":{"line":58,"column":3}}},"4":{"name":"(anonymous_11)","decl":{"start":{"line":70,"column":16},"end":{"line":70,"column":19}},"loc":{"start":{"line":70,"column":22},"end":{"line":70,"column":41}}}},"branchMap":{"0":{"loc":{"start":{"line":23,"column":2},"end":{"line":23,"column":23}},"type":"default-arg","locations":[{"start":{"line":23,"column":16},"end":{"line":23,"column":23}}]},"1":{"loc":{"start":{"line":28,"column":2},"end":{"line":28,"column":21}},"type":"default-arg","locations":[{"start":{"line":28,"column":16},"end":{"line":28,"column":21}}]},"2":{"loc":{"start":{"line":29,"column":2},"end":{"line":29,"column":23}},"type":"default-arg","locations":[{"start":{"line":29,"column":19},"end":{"line":29,"column":23}}]},"3":{"loc":{"start":{"line":39,"column":4},"end":{"line":43,"column":5}},"type":"if","locations":[{"start":{"line":39,"column":4},"end":{"line":43,"column":5}}]},"4":{"loc":{"start":{"line":48,"column":4},"end":{"line":50,"column":5}},"type":"if","locations":[{"start":{"line":48,"column":4},"end":{"line":50,"column":5}}]},"5":{"loc":{"start":{"line":55,"column":4},"end":{"line":57,"column":5}},"type":"if","locations":[{"start":{"line":55,"column":4},"end":{"line":57,"column":5}}]},"6":{"loc":{"start":{"line":73,"column":7},"end":{"line":76,"column":null}},"type":"binary-expr","locations":[{"start":{"line":73,"column":7},"end":{"line":73,"column":21}},{"start":{"line":74,"column":8},"end":{"line":75,"column":null}}]}},"s":{"0":1,"1":1,"2":1,"3":1,"4":1,"5":10,"6":10,"7":10,"8":10,"9":8,"10":1,"11":1,"12":1,"13":10,"14":2,"15":2,"16":1,"17":10,"18":0,"19":0,"20":0,"21":10,"22":0,"23":1},"f":{"0":10,"1":8,"2":2,"3":0,"4":0},"b":{"0":[9],"1":[9],"2":[9],"3":[1],"4":[1],"5":[0],"6":[10,9]}}
,"/Users/apple/quick-chat/components/chats/chatRoom/messageBubble/MessageBubble.tsx": {"path":"/Users/apple/quick-chat/components/chats/chatRoom/messageBubble/MessageBubble.tsx","statementMap":{"0":{"start":{"line":1,"column":0},"end":{"line":1,"column":57}},"1":{"start":{"line":2,"column":0},"end":{"line":2,"column":79}},"2":{"start":{"line":3,"column":0},"end":{"line":3,"column":61}},"3":{"start":{"line":4,"column":0},"end":{"line":4,"column":37}},"4":{"start":{"line":6,"column":0},"end":{"line":6,"column":61}},"5":{"start":{"line":7,"column":0},"end":{"line":7,"column":null}},"6":{"start":{"line":18,"column":0},"end":{"line":18,"column":95}},"7":{"start":{"line":19,"column":0},"end":{"line":19,"column":47}},"8":{"start":{"line":21,"column":0},"end":{"line":21,"column":55}},"9":{"start":{"line":22,"column":0},"end":{"line":22,"column":48}},"10":{"start":{"line":25,"column":0},"end":{"line":27,"column":1}},"11":{"start":{"line":26,"column":2},"end":{"line":26,"column":56}},"12":{"start":{"line":29,"column":24},"end":{"line":29,"column":84}},"13":{"start":{"line":31,"column":22},"end":{"line":333,"column":1}},"14":{"start":{"line":60,"column":48},"end":{"line":60,"column":63}},"15":{"start":{"line":61,"column":42},"end":{"line":61,"column":71}},"16":{"start":{"line":62,"column":46},"end":{"line":62,"column":98}},"17":{"start":{"line":63,"column":48},"end":{"line":63,"column":87}},"18":{"start":{"line":64,"column":20},"end":{"line":64,"column":38}},"19":{"start":{"line":65,"column":23},"end":{"line":65,"column":53}},"20":{"start":{"line":66,"column":21},"end":{"line":66,"column":50}},"21":{"start":{"line":68,"column":26},"end":{"line":96,"column":10}},"22":{"start":{"line":69,"column":4},"end":{"line":95,"column":5}},"23":{"start":{"line":70,"column":31},"end":{"line":70,"column":48}},"24":{"start":{"line":71,"column":6},"end":{"line":90,"column":8}},"25":{"start":{"line":73,"column":10},"end":{"line":78,"column":11}},"26":{"start":{"line":74,"column":12},"end":{"line":76,"column":14}},"27":{"start":{"line":77,"column":12},"end":{"line":77,"column":19}},"28":{"start":{"line":79,"column":31},"end":{"line":79,"column":33}},"29":{"start":{"line":80,"column":31},"end":{"line":80,"column":33}},"30":{"start":{"line":81,"column":20},"end":{"line":81,"column":52}},"31":{"start":{"line":82,"column":23},"end":{"line":82,"column":25}},"32":{"start":{"line":84,"column":10},"end":{"line":86,"column":11}},"33":{"start":{"line":85,"column":12},"end":{"line":85,"column":45}},"34":{"start":{"line":87,"column":10},"end":{"line":87,"column":43}},"35":{"start":{"line":88,"column":10},"end":{"line":88,"column":35}},"36":{"start":{"line":92,"column":6},"end":{"line":94,"column":8}},"37":{"start":{"line":98,"column":27},"end":{"line":101,"column":3}},"38":{"start":{"line":99,"column":4},"end":{"line":99,"column":30}},"39":{"start":{"line":100,"column":4},"end":{"line":100,"column":28}},"40":{"start":{"line":103,"column":28},"end":{"line":109,"column":3}},"41":{"start":{"line":104,"column":4},"end":{"line":106,"column":5}},"42":{"start":{"line":105,"column":6},"end":{"line":105,"column":40}},"43":{"start":{"line":107,"column":4},"end":{"line":107,"column":30}},"44":{"start":{"line":108,"column":4},"end":{"line":108,"column":28}},"45":{"start":{"line":111,"column":28},"end":{"line":133,"column":null}},"46":{"start":{"line":112,"column":4},"end":{"line":132,"column":null}},"47":{"start":{"line":112,"column":43},"end":{"line":112,"column":47}},"48":{"start":{"line":119,"column":12},"end":{"line":119,"column":42}},"49":{"start":{"line":119,"column":57},"end":{"line":119,"column":81}},"50":{"start":{"line":136,"column":27},"end":{"line":148,"column":3}},"51":{"start":{"line":137,"column":4},"end":{"line":137,"column":33}},"52":{"start":{"line":137,"column":21},"end":{"line":137,"column":33}},"53":{"start":{"line":138,"column":4},"end":{"line":147,"column":6}},"54":{"start":{"line":149,"column":25},"end":{"line":194,"column":3}},"55":{"start":{"line":150,"column":4},"end":{"line":193,"column":6}},"56":{"start":{"line":165,"column":27},"end":{"line":165,"column":52}},"57":{"start":{"line":196,"column":26},"end":{"line":203,"column":3}},"58":{"start":{"line":197,"column":4},"end":{"line":199,"column":5}},"59":{"start":{"line":198,"column":6},"end":{"line":198,"column":69}},"60":{"start":{"line":200,"column":4},"end":{"line":202,"column":13}},"61":{"start":{"line":201,"column":6},"end":{"line":201,"column":36}},"62":{"start":{"line":205,"column":28},"end":{"line":213,"column":3}},"63":{"start":{"line":206,"column":4},"end":{"line":212,"column":6}},"64":{"start":{"line":215,"column":29},"end":{"line":223,"column":3}},"65":{"start":{"line":216,"column":4},"end":{"line":222,"column":6}},"66":{"start":{"line":225,"column":34},"end":{"line":230,"column":3}},"67":{"start":{"line":226,"column":4},"end":{"line":228,"column":5}},"68":{"start":{"line":227,"column":6},"end":{"line":227,"column":30}},"69":{"start":{"line":229,"column":4},"end":{"line":229,"column":45}},"70":{"start":{"line":232,"column":30},"end":{"line":253,"column":3}},"71":{"start":{"line":233,"column":4},"end":{"line":252,"column":13}},"72":{"start":{"line":255,"column":2},"end":{"line":332,"column":4}},"73":{"start":{"line":325,"column":29},"end":{"line":325,"column":50}},"74":{"start":{"line":335,"column":15},"end":{"line":345,"column":2}},"75":{"start":{"line":347,"column":0},"end":{"line":347,"column":29}}},"fnMap":{"0":{"name":"(anonymous_7)","decl":{"start":{"line":31,"column":22},"end":{"line":31,"column":23}},"loc":{"start":{"line":59,"column":5},"end":{"line":333,"column":1}}},"1":{"name":"(anonymous_8)","decl":{"start":{"line":68,"column":38},"end":{"line":68,"column":41}},"loc":{"start":{"line":68,"column":43},"end":{"line":96,"column":3}}},"2":{"name":"(anonymous_9)","decl":{"start":{"line":72,"column":8},"end":{"line":72,"column":9}},"loc":{"start":{"line":72,"column":78},"end":{"line":89,"column":9}}},"3":{"name":"(anonymous_10)","decl":{"start":{"line":98,"column":27},"end":{"line":98,"column":30}},"loc":{"start":{"line":98,"column":32},"end":{"line":101,"column":3}}},"4":{"name":"(anonymous_11)","decl":{"start":{"line":103,"column":28},"end":{"line":103,"column":29}},"loc":{"start":{"line":103,"column":46},"end":{"line":109,"column":3}}},"5":{"name":"(anonymous_12)","decl":{"start":{"line":111,"column":28},"end":{"line":111,"column":31}},"loc":{"start":{"line":112,"column":4},"end":{"line":132,"column":null}}},"6":{"name":"(anonymous_13)","decl":{"start":{"line":112,"column":37},"end":{"line":112,"column":40}},"loc":{"start":{"line":112,"column":43},"end":{"line":112,"column":47}}},"7":{"name":"(anonymous_14)","decl":{"start":{"line":118,"column":31},"end":{"line":118,"column":32}},"loc":{"start":{"line":119,"column":12},"end":{"line":119,"column":42}}},"8":{"name":"(anonymous_15)","decl":{"start":{"line":119,"column":51},"end":{"line":119,"column":54}},"loc":{"start":{"line":119,"column":57},"end":{"line":119,"column":81}}},"9":{"name":"(anonymous_16)","decl":{"start":{"line":136,"column":27},"end":{"line":136,"column":30}},"loc":{"start":{"line":136,"column":32},"end":{"line":148,"column":3}}},"10":{"name":"(anonymous_17)","decl":{"start":{"line":149,"column":25},"end":{"line":149,"column":28}},"loc":{"start":{"line":149,"column":30},"end":{"line":194,"column":3}}},"11":{"name":"(anonymous_18)","decl":{"start":{"line":165,"column":21},"end":{"line":165,"column":24}},"loc":{"start":{"line":165,"column":27},"end":{"line":165,"column":52}}},"12":{"name":"(anonymous_19)","decl":{"start":{"line":196,"column":26},"end":{"line":196,"column":29}},"loc":{"start":{"line":196,"column":31},"end":{"line":203,"column":3}}},"13":{"name":"(anonymous_20)","decl":{"start":{"line":200,"column":15},"end":{"line":200,"column":18}},"loc":{"start":{"line":200,"column":20},"end":{"line":202,"column":5}}},"14":{"name":"(anonymous_21)","decl":{"start":{"line":205,"column":28},"end":{"line":205,"column":29}},"loc":{"start":{"line":205,"column":58},"end":{"line":213,"column":3}}},"15":{"name":"(anonymous_22)","decl":{"start":{"line":215,"column":29},"end":{"line":215,"column":30}},"loc":{"start":{"line":215,"column":59},"end":{"line":223,"column":3}}},"16":{"name":"(anonymous_23)","decl":{"start":{"line":225,"column":34},"end":{"line":225,"column":37}},"loc":{"start":{"line":225,"column":39},"end":{"line":230,"column":3}}},"17":{"name":"(anonymous_24)","decl":{"start":{"line":232,"column":30},"end":{"line":232,"column":33}},"loc":{"start":{"line":232,"column":35},"end":{"line":253,"column":3}}},"18":{"name":"(anonymous_25)","decl":{"start":{"line":325,"column":23},"end":{"line":325,"column":26}},"loc":{"start":{"line":325,"column":29},"end":{"line":325,"column":50}}}},"branchMap":{"0":{"loc":{"start":{"line":25,"column":0},"end":{"line":27,"column":1}},"type":"if","locations":[{"start":{"line":25,"column":0},"end":{"line":27,"column":1}}]},"1":{"loc":{"start":{"line":25,"column":4},"end":{"line":25,"column":80}},"type":"binary-expr","locations":[{"start":{"line":25,"column":4},"end":{"line":25,"column":29}},{"start":{"line":25,"column":33},"end":{"line":25,"column":80}}]},"2":{"loc":{"start":{"line":34,"column":2},"end":{"line":34,"column":14}},"type":"default-arg","locations":[{"start":{"line":34,"column":9},"end":{"line":34,"column":14}}]},"3":{"loc":{"start":{"line":69,"column":4},"end":{"line":95,"column":5}},"type":"if","locations":[{"start":{"line":69,"column":4},"end":{"line":95,"column":5}},{"start":{"line":91,"column":11},"end":{"line":95,"column":5}}]},"4":{"loc":{"start":{"line":69,"column":8},"end":{"line":69,"column":31}},"type":"binary-expr","locations":[{"start":{"line":69,"column":8},"end":{"line":69,"column":10}},{"start":{"line":69,"column":14},"end":{"line":69,"column":31}}]},"5":{"loc":{"start":{"line":73,"column":10},"end":{"line":78,"column":11}},"type":"if","locations":[{"start":{"line":73,"column":10},"end":{"line":78,"column":11}}]},"6":{"loc":{"start":{"line":73,"column":14},"end":{"line":73,"column":50}},"type":"binary-expr","locations":[{"start":{"line":73,"column":14},"end":{"line":73,"column":23}},{"start":{"line":73,"column":27},"end":{"line":73,"column":36}},{"start":{"line":73,"column":40},"end":{"line":73,"column":43}},{"start":{"line":73,"column":47},"end":{"line":73,"column":50}}]},"7":{"loc":{"start":{"line":84,"column":10},"end":{"line":86,"column":11}},"type":"if","locations":[{"start":{"line":84,"column":10},"end":{"line":86,"column":11}}]},"8":{"loc":{"start":{"line":84,"column":21},"end":{"line":84,"column":52}},"type":"cond-expr","locations":[{"start":{"line":84,"column":45},"end":{"line":84,"column":47}},{"start":{"line":84,"column":50},"end":{"line":84,"column":52}}]},"9":{"loc":{"start":{"line":104,"column":4},"end":{"line":106,"column":5}},"type":"if","locations":[{"start":{"line":104,"column":4},"end":{"line":106,"column":5}}]},"10":{"loc":{"start":{"line":104,"column":8},"end":{"line":104,"column":20}},"type":"binary-expr","locations":[{"start":{"line":104,"column":8},"end":{"line":104,"column":10}},{"start":{"line":104,"column":14},"end":{"line":104,"column":20}}]},"11":{"loc":{"start":{"line":121,"column":53},"end":{"line":121,"column":97}},"type":"cond-expr","locations":[{"start":{"line":121,"column":74},"end":{"line":121,"column":92}},{"start":{"line":121,"column":95},"end":{"line":121,"column":97}}]},"12":{"loc":{"start":{"line":137,"column":4},"end":{"line":137,"column":33}},"type":"if","locations":[{"start":{"line":137,"column":4},"end":{"line":137,"column":33}}]},"13":{"loc":{"start":{"line":141,"column":18},"end":{"line":141,"column":51}},"type":"cond-expr","locations":[{"start":{"line":141,"column":25},"end":{"line":141,"column":35}},{"start":{"line":141,"column":38},"end":{"line":141,"column":51}}]},"14":{"loc":{"start":{"line":142,"column":16},"end":{"line":142,"column":38}},"type":"cond-expr","locations":[{"start":{"line":142,"column":23},"end":{"line":142,"column":28}},{"start":{"line":142,"column":31},"end":{"line":142,"column":38}}]},"15":{"loc":{"start":{"line":155,"column":14},"end":{"line":157,"column":null}},"type":"cond-expr","locations":[{"start":{"line":156,"column":18},"end":{"line":156,"column":65}},{"start":{"line":157,"column":18},"end":{"line":157,"column":null}}]},"16":{"loc":{"start":{"line":159,"column":14},"end":{"line":159,"column":36}},"type":"cond-expr","locations":[{"start":{"line":159,"column":25},"end":{"line":159,"column":31}},{"start":{"line":159,"column":34},"end":{"line":159,"column":36}}]},"17":{"loc":{"start":{"line":160,"column":14},"end":{"line":160,"column":44}},"type":"cond-expr","locations":[{"start":{"line":160,"column":25},"end":{"line":160,"column":30}},{"start":{"line":160,"column":33},"end":{"line":160,"column":44}}]},"18":{"loc":{"start":{"line":163,"column":9},"end":{"line":173,"column":null}},"type":"binary-expr","locations":[{"start":{"line":163,"column":9},"end":{"line":163,"column":17}},{"start":{"line":164,"column":10},"end":{"line":172,"column":null}}]},"19":{"loc":{"start":{"line":175,"column":9},"end":{"line":180,"column":null}},"type":"binary-expr","locations":[{"start":{"line":175,"column":9},"end":{"line":175,"column":16}},{"start":{"line":176,"column":10},"end":{"line":179,"column":null}}]},"20":{"loc":{"start":{"line":177,"column":23},"end":{"line":177,"column":80}},"type":"cond-expr","locations":[{"start":{"line":177,"column":39},"end":{"line":177,"column":60}},{"start":{"line":177,"column":63},"end":{"line":177,"column":80}}]},"21":{"loc":{"start":{"line":178,"column":68},"end":{"line":178,"column":105}},"type":"cond-expr","locations":[{"start":{"line":178,"column":84},"end":{"line":178,"column":100}},{"start":{"line":178,"column":103},"end":{"line":178,"column":105}}]},"22":{"loc":{"start":{"line":183,"column":67},"end":{"line":183,"column":81}},"type":"binary-expr","locations":[{"start":{"line":183,"column":67},"end":{"line":183,"column":76}},{"start":{"line":183,"column":80},"end":{"line":183,"column":81}}]},"23":{"loc":{"start":{"line":186,"column":9},"end":{"line":190,"column":null}},"type":"binary-expr","locations":[{"start":{"line":186,"column":9},"end":{"line":186,"column":17}},{"start":{"line":187,"column":10},"end":{"line":189,"column":null}}]},"24":{"loc":{"start":{"line":188,"column":83},"end":{"line":188,"column":116}},"type":"cond-expr","locations":[{"start":{"line":188,"column":96},"end":{"line":188,"column":105}},{"start":{"line":188,"column":108},"end":{"line":188,"column":116}}]},"25":{"loc":{"start":{"line":197,"column":4},"end":{"line":199,"column":5}},"type":"if","locations":[{"start":{"line":197,"column":4},"end":{"line":199,"column":5}}]},"26":{"loc":{"start":{"line":198,"column":49},"end":{"line":198,"column":65}},"type":"binary-expr","locations":[{"start":{"line":198,"column":49},"end":{"line":198,"column":57}},{"start":{"line":198,"column":61},"end":{"line":198,"column":65}}]},"27":{"loc":{"start":{"line":226,"column":4},"end":{"line":228,"column":5}},"type":"if","locations":[{"start":{"line":226,"column":4},"end":{"line":228,"column":5}}]},"28":{"loc":{"start":{"line":226,"column":8},"end":{"line":226,"column":67}},"type":"binary-expr","locations":[{"start":{"line":226,"column":8},"end":{"line":226,"column":23}},{"start":{"line":226,"column":27},"end":{"line":226,"column":67}}]},"29":{"loc":{"start":{"line":233,"column":11},"end":{"line":252,"column":12}},"type":"cond-expr","locations":[{"start":{"line":234,"column":6},"end":{"line":250,"column":null}},{"start":{"line":252,"column":8},"end":{"line":252,"column":12}}]},"30":{"loc":{"start":{"line":236,"column":11},"end":{"line":237,"column":null}},"type":"binary-expr","locations":[{"start":{"line":236,"column":11},"end":{"line":236,"column":33}},{"start":{"line":237,"column":12},"end":{"line":237,"column":75}}]},"31":{"loc":{"start":{"line":240,"column":13},"end":{"line":240,"column":97}},"type":"cond-expr","locations":[{"start":{"line":240,"column":37},"end":{"line":240,"column":57}},{"start":{"line":240,"column":60},"end":{"line":240,"column":97}}]},"32":{"loc":{"start":{"line":240,"column":60},"end":{"line":240,"column":97}},"type":"cond-expr","locations":[{"start":{"line":240,"column":85},"end":{"line":240,"column":92}},{"start":{"line":240,"column":95},"end":{"line":240,"column":97}}]},"33":{"loc":{"start":{"line":243,"column":9},"end":{"line":249,"column":null}},"type":"binary-expr","locations":[{"start":{"line":243,"column":9},"end":{"line":243,"column":31}},{"start":{"line":244,"column":10},"end":{"line":248,"column":null}}]},"34":{"loc":{"start":{"line":263,"column":27},"end":{"line":263,"column":70}},"type":"cond-expr","locations":[{"start":{"line":263,"column":41},"end":{"line":263,"column":58}},{"start":{"line":263,"column":61},"end":{"line":263,"column":70}}]},"35":{"loc":{"start":{"line":264,"column":28},"end":{"line":264,"column":71}},"type":"cond-expr","locations":[{"start":{"line":264,"column":41},"end":{"line":264,"column":59}},{"start":{"line":264,"column":62},"end":{"line":264,"column":71}}]},"36":{"loc":{"start":{"line":285,"column":11},"end":{"line":305,"column":null}},"type":"binary-expr","locations":[{"start":{"line":285,"column":11},"end":{"line":285,"column":25}},{"start":{"line":286,"column":12},"end":{"line":304,"column":null}}]},"37":{"loc":{"start":{"line":289,"column":16},"end":{"line":296,"column":39}},"type":"cond-expr","locations":[{"start":{"line":290,"column":20},"end":{"line":295,"column":null}},{"start":{"line":296,"column":20},"end":{"line":296,"column":39}}]},"38":{"loc":{"start":{"line":301,"column":30},"end":{"line":301,"column":86}},"type":"cond-expr","locations":[{"start":{"line":301,"column":57},"end":{"line":301,"column":58}},{"start":{"line":301,"column":61},"end":{"line":301,"column":86}}]},"39":{"loc":{"start":{"line":315,"column":9},"end":{"line":328,"column":null}},"type":"binary-expr","locations":[{"start":{"line":315,"column":9},"end":{"line":315,"column":21}},{"start":{"line":316,"column":10},"end":{"line":327,"column":null}}]}},"s":{"0":0,"1":0,"2":0,"3":0,"4":0,"5":0,"6":0,"7":0,"8":0,"9":0,"10":0,"11":0,"12":0,"13":0,"14":0,"15":0,"16":0,"17":0,"18":0,"19":0,"20":0,"21":0,"22":0,"23":0,"24":0,"25":0,"26":0,"27":0,"28":0,"29":0,"30":0,"31":0,"32":0,"33":0,"34":0,"35":0,"36":0,"37":0,"38":0,"39":0,"40":0,"41":0,"42":0,"43":0,"44":0,"45":0,"46":0,"47":0,"48":0,"49":0,"50":0,"51":0,"52":0,"53":0,"54":0,"55":0,"56":0,"57":0,"58":0,"59":0,"60":0,"61":0,"62":0,"63":0,"64":0,"65":0,"66":0,"67":0,"68":0,"69":0,"70":0,"71":0,"72":0,"73":0,"74":0,"75":0},"f":{"0":0,"1":0,"2":0,"3":0,"4":0,"5":0,"6":0,"7":0,"8":0,"9":0,"10":0,"11":0,"12":0,"13":0,"14":0,"15":0,"16":0,"17":0,"18":0},"b":{"0":[0],"1":[0,0],"2":[0],"3":[0,0],"4":[0,0],"5":[0],"6":[0,0,0,0],"7":[0],"8":[0,0],"9":[0],"10":[0,0],"11":[0,0],"12":[0],"13":[0,0],"14":[0,0],"15":[0,0],"16":[0,0],"17":[0,0],"18":[0,0],"19":[0,0],"20":[0,0],"21":[0,0],"22":[0,0],"23":[0,0],"24":[0,0],"25":[0],"26":[0,0],"27":[0],"28":[0,0],"29":[0,0],"30":[0,0],"31":[0,0],"32":[0,0],"33":[0,0],"34":[0,0],"35":[0,0],"36":[0,0],"37":[0,0],"38":[0,0],"39":[0,0]}}
,"/Users/apple/quick-chat/components/chats/chatslist/chatsItem/ChatItem.tsx": {"path":"/Users/apple/quick-chat/components/chats/chatslist/chatsItem/ChatItem.tsx","statementMap":{"0":{"start":{"line":1,"column":0},"end":{"line":1,"column":37}},"1":{"start":{"line":2,"column":0},"end":{"line":2,"column":35}},"2":{"start":{"line":3,"column":0},"end":{"line":3,"column":49}},"3":{"start":{"line":5,"column":0},"end":{"line":5,"column":60}},"4":{"start":{"line":8,"column":17},"end":{"line":35,"column":1}},"5":{"start":{"line":9,"column":32},"end":{"line":9,"column":83}},"6":{"start":{"line":10,"column":2},"end":{"line":34,"column":4}},"7":{"start":{"line":37,"column":0},"end":{"line":37,"column":24}}},"fnMap":{"0":{"name":"(anonymous_0)","decl":{"start":{"line":8,"column":17},"end":{"line":8,"column":18}},"loc":{"start":{"line":8,"column":60},"end":{"line":35,"column":1}}}},"branchMap":{"0":{"loc":{"start":{"line":9,"column":32},"end":{"line":9,"column":83}},"type":"binary-expr","locations":[{"start":{"line":9,"column":32},"end":{"line":9,"column":52}},{"start":{"line":9,"column":56},"end":{"line":9,"column":83}}]},"1":{"loc":{"start":{"line":25,"column":13},"end":{"line":28,"column":null}},"type":"binary-expr","locations":[{"start":{"line":25,"column":13},"end":{"line":25,"column":24}},{"start":{"line":26,"column":14},"end":{"line":27,"column":null}}]}},"s":{"0":0,"1":0,"2":0,"3":0,"4":0,"5":0,"6":0,"7":0},"f":{"0":0},"b":{"0":[0,0],"1":[0,0]}}
,"/Users/apple/quick-chat/components/chats/chatslist/chatsListHeader/chatsListHeader.tsx": {"path":"/Users/apple/quick-chat/components/chats/chatslist/chatsListHeader/chatsListHeader.tsx","statementMap":{"0":{"start":{"line":1,"column":0},"end":{"line":1,"column":59}},"1":{"start":{"line":2,"column":0},"end":{"line":2,"column":52}},"2":{"start":{"line":3,"column":0},"end":{"line":3,"column":67}},"3":{"start":{"line":5,"column":0},"end":{"line":5,"column":39}},"4":{"start":{"line":6,"column":0},"end":{"line":6,"column":62}},"5":{"start":{"line":8,"column":24},"end":{"line":39,"column":1}},"6":{"start":{"line":15,"column":19},"end":{"line":15,"column":29}},"7":{"start":{"line":16,"column":32},"end":{"line":16,"column":48}},"8":{"start":{"line":19,"column":2},"end":{"line":38,"column":4}},"9":{"start":{"line":29,"column":25},"end":{"line":29,"column":48}},"10":{"start":{"line":41,"column":0},"end":{"line":41,"column":31}}},"fnMap":{"0":{"name":"(anonymous_0)","decl":{"start":{"line":8,"column":24},"end":{"line":8,"column":25}},"loc":{"start":{"line":14,"column":5},"end":{"line":39,"column":1}}},"1":{"name":"(anonymous_1)","decl":{"start":{"line":29,"column":19},"end":{"line":29,"column":22}},"loc":{"start":{"line":29,"column":25},"end":{"line":29,"column":48}}}},"branchMap":{"0":{"loc":{"start":{"line":34,"column":59},"end":{"line":34,"column":87}},"type":"cond-expr","locations":[{"start":{"line":34,"column":66},"end":{"line":34,"column":75}},{"start":{"line":34,"column":78},"end":{"line":34,"column":87}}]}},"s":{"0":0,"1":0,"2":0,"3":0,"4":0,"5":0,"6":0,"7":0,"8":0,"9":0,"10":0},"f":{"0":0,"1":0},"b":{"0":[0,0]}}
,"/Users/apple/quick-chat/components/chats/modals/ImageMessagePreviewModal.tsx": {"path":"/Users/apple/quick-chat/components/chats/modals/ImageMessagePreviewModal.tsx","statementMap":{"0":{"start":{"line":1,"column":0},"end":{"line":1,"column":53}},"1":{"start":{"line":2,"column":0},"end":{"line":2,"column":37}},"2":{"start":{"line":3,"column":0},"end":{"line":3,"column":90}},"3":{"start":{"line":5,"column":0},"end":{"line":5,"column":68}},"4":{"start":{"line":8,"column":33},"end":{"line":64,"column":1}},"5":{"start":{"line":21,"column":27},"end":{"line":23,"column":3}},"6":{"start":{"line":22,"column":4},"end":{"line":22,"column":22}},"7":{"start":{"line":25,"column":2},"end":{"line":63,"column":4}},"8":{"start":{"line":53,"column":33},"end":{"line":53,"column":48}},"9":{"start":{"line":66,"column":0},"end":{"line":66,"column":40}}},"fnMap":{"0":{"name":"(anonymous_1)","decl":{"start":{"line":8,"column":33},"end":{"line":8,"column":34}},"loc":{"start":{"line":20,"column":5},"end":{"line":64,"column":1}}},"1":{"name":"(anonymous_2)","decl":{"start":{"line":21,"column":27},"end":{"line":21,"column":30}},"loc":{"start":{"line":21,"column":32},"end":{"line":23,"column":3}}},"2":{"name":"(anonymous_3)","decl":{"start":{"line":53,"column":26},"end":{"line":53,"column":27}},"loc":{"start":{"line":53,"column":33},"end":{"line":53,"column":48}}}},"branchMap":{"0":{"loc":{"start":{"line":60,"column":30},"end":{"line":60,"column":44}},"type":"binary-expr","locations":[{"start":{"line":60,"column":30},"end":{"line":60,"column":38}},{"start":{"line":60,"column":42},"end":{"line":60,"column":44}}]}},"s":{"0":0,"1":0,"2":0,"3":0,"4":0,"5":0,"6":0,"7":0,"8":0,"9":0},"f":{"0":0,"1":0,"2":0},"b":{"0":[0,0]}}
,"/Users/apple/quick-chat/components/chats/modals/UserListModals.tsx": {"path":"/Users/apple/quick-chat/components/chats/modals/UserListModals.tsx","statementMap":{"0":{"start":{"line":1,"column":0},"end":{"line":1,"column":53}},"1":{"start":{"line":2,"column":0},"end":{"line":2,"column":52}},"2":{"start":{"line":3,"column":0},"end":{"line":3,"column":37}},"3":{"start":{"line":5,"column":0},"end":{"line":5,"column":null}},"4":{"start":{"line":16,"column":0},"end":{"line":16,"column":39}},"5":{"start":{"line":17,"column":0},"end":{"line":17,"column":51}},"6":{"start":{"line":31,"column":22},"end":{"line":119,"column":1}},"7":{"start":{"line":41,"column":19},"end":{"line":41,"column":29}},"8":{"start":{"line":43,"column":22},"end":{"line":44,"column":null}},"9":{"start":{"line":44,"column":14},"end":{"line":44,"column":93}},"10":{"start":{"line":44,"column":67},"end":{"line":44,"column":92}},"11":{"start":{"line":47,"column":29},"end":{"line":66,"column":3}},"12":{"start":{"line":48,"column":4},"end":{"line":52,"column":5}},"13":{"start":{"line":49,"column":6},"end":{"line":49,"column":67}},"14":{"start":{"line":50,"column":6},"end":{"line":50,"column":16}},"15":{"start":{"line":51,"column":6},"end":{"line":51,"column":13}},"16":{"start":{"line":53,"column":4},"end":{"line":65,"column":5}},"17":{"start":{"line":54,"column":21},"end":{"line":58,"column":null}},"18":{"start":{"line":60,"column":6},"end":{"line":60,"column":41}},"19":{"start":{"line":61,"column":6},"end":{"line":61,"column":16}},"20":{"start":{"line":62,"column":6},"end":{"line":62,"column":20}},"21":{"start":{"line":64,"column":6},"end":{"line":64,"column":63}},"22":{"start":{"line":68,"column":2},"end":{"line":118,"column":4}},"23":{"start":{"line":95,"column":51},"end":{"line":95,"column":58}},"24":{"start":{"line":97,"column":14},"end":{"line":105,"column":null}},"25":{"start":{"line":99,"column":31},"end":{"line":99,"column":55}},"26":{"start":{"line":110,"column":14},"end":{"line":111,"column":null}},"27":{"start":{"line":121,"column":0},"end":{"line":121,"column":29}}},"fnMap":{"0":{"name":"(anonymous_1)","decl":{"start":{"line":31,"column":22},"end":{"line":31,"column":23}},"loc":{"start":{"line":40,"column":25},"end":{"line":119,"column":1}}},"1":{"name":"(anonymous_2)","decl":{"start":{"line":44,"column":4},"end":{"line":44,"column":5}},"loc":{"start":{"line":44,"column":14},"end":{"line":44,"column":93}}},"2":{"name":"(anonymous_3)","decl":{"start":{"line":44,"column":57},"end":{"line":44,"column":58}},"loc":{"start":{"line":44,"column":67},"end":{"line":44,"column":92}}},"3":{"name":"(anonymous_4)","decl":{"start":{"line":47,"column":29},"end":{"line":47,"column":34}},"loc":{"start":{"line":47,"column":64},"end":{"line":66,"column":3}}},"4":{"name":"(anonymous_5)","decl":{"start":{"line":95,"column":26},"end":{"line":95,"column":27}},"loc":{"start":{"line":95,"column":51},"end":{"line":95,"column":58}}},"5":{"name":"(anonymous_6)","decl":{"start":{"line":96,"column":24},"end":{"line":96,"column":25}},"loc":{"start":{"line":97,"column":14},"end":{"line":105,"column":null}}},"6":{"name":"(anonymous_7)","decl":{"start":{"line":99,"column":25},"end":{"line":99,"column":28}},"loc":{"start":{"line":99,"column":31},"end":{"line":99,"column":55}}},"7":{"name":"(anonymous_8)","decl":{"start":{"line":109,"column":32},"end":{"line":109,"column":35}},"loc":{"start":{"line":110,"column":14},"end":{"line":111,"column":null}}}},"branchMap":{"0":{"loc":{"start":{"line":44,"column":14},"end":{"line":44,"column":93}},"type":"binary-expr","locations":[{"start":{"line":44,"column":14},"end":{"line":44,"column":37}},{"start":{"line":44,"column":41},"end":{"line":44,"column":93}}]},"1":{"loc":{"start":{"line":48,"column":4},"end":{"line":52,"column":5}},"type":"if","locations":[{"start":{"line":48,"column":4},"end":{"line":52,"column":5}}]},"2":{"loc":{"start":{"line":56,"column":8},"end":{"line":56,"column":46}},"type":"binary-expr","locations":[{"start":{"line":56,"column":8},"end":{"line":56,"column":31}},{"start":{"line":56,"column":35},"end":{"line":56,"column":46}}]},"3":{"loc":{"start":{"line":76,"column":59},"end":{"line":76,"column":87}},"type":"cond-expr","locations":[{"start":{"line":76,"column":66},"end":{"line":76,"column":75}},{"start":{"line":76,"column":78},"end":{"line":76,"column":87}}]},"4":{"loc":{"start":{"line":79,"column":9},"end":{"line":83,"column":null}},"type":"binary-expr","locations":[{"start":{"line":79,"column":9},"end":{"line":79,"column":16}},{"start":{"line":80,"column":10},"end":{"line":82,"column":null}}]},"5":{"loc":{"start":{"line":85,"column":9},"end":{"line":88,"column":null}},"type":"binary-expr","locations":[{"start":{"line":85,"column":9},"end":{"line":85,"column":14}},{"start":{"line":86,"column":10},"end":{"line":87,"column":null}}]},"6":{"loc":{"start":{"line":90,"column":9},"end":{"line":114,"column":null}},"type":"binary-expr","locations":[{"start":{"line":90,"column":9},"end":{"line":90,"column":17}},{"start":{"line":90,"column":21},"end":{"line":90,"column":27}},{"start":{"line":91,"column":10},"end":{"line":113,"column":null}}]}},"s":{"0":0,"1":0,"2":0,"3":0,"4":0,"5":0,"6":0,"7":0,"8":0,"9":0,"10":0,"11":0,"12":0,"13":0,"14":0,"15":0,"16":0,"17":0,"18":0,"19":0,"20":0,"21":0,"22":0,"23":0,"24":0,"25":0,"26":0,"27":0},"f":{"0":0,"1":0,"2":0,"3":0,"4":0,"5":0,"6":0,"7":0},"b":{"0":[0,0],"1":[0],"2":[0,0],"3":[0,0],"4":[0,0],"5":[0,0],"6":[0,0,0]}}
,"/Users/apple/quick-chat/components/chats/shared/SearchInput.tsx": {"path":"/Users/apple/quick-chat/components/chats/shared/SearchInput.tsx","statementMap":{"0":{"start":{"line":1,"column":0},"end":{"line":1,"column":49}},"1":{"start":{"line":2,"column":0},"end":{"line":2,"column":47}},"2":{"start":{"line":4,"column":0},"end":{"line":4,"column":70}},"3":{"start":{"line":6,"column":20},"end":{"line":31,"column":1}},"4":{"start":{"line":15,"column":2},"end":{"line":30,"column":4}},"5":{"start":{"line":23,"column":29},"end":{"line":23,"column":47}},"6":{"start":{"line":33,"column":0},"end":{"line":33,"column":27}}},"fnMap":{"0":{"name":"(anonymous_1)","decl":{"start":{"line":6,"column":20},"end":{"line":6,"column":21}},"loc":{"start":{"line":14,"column":5},"end":{"line":31,"column":1}}},"1":{"name":"(anonymous_2)","decl":{"start":{"line":23,"column":22},"end":{"line":23,"column":23}},"loc":{"start":{"line":23,"column":29},"end":{"line":23,"column":47}}}},"branchMap":{},"s":{"0":0,"1":0,"2":0,"3":0,"4":0,"5":0,"6":0},"f":{"0":0,"1":0},"b":{}}
,"/Users/apple/quick-chat/components/layout/AppLayout.tsx": {"path":"/Users/apple/quick-chat/components/layout/AppLayout.tsx","statementMap":{"0":{"start":{"line":1,"column":0},"end":{"line":1,"column":39}},"1":{"start":{"line":2,"column":0},"end":{"line":2,"column":67}},"2":{"start":{"line":8,"column":43},"end":{"line":17,"column":1}},"3":{"start":{"line":9,"column":2},"end":{"line":16,"column":4}},"4":{"start":{"line":19,"column":15},"end":{"line":28,"column":2}},"5":{"start":{"line":30,"column":0},"end":{"line":30,"column":25}}},"fnMap":{"0":{"name":"(anonymous_1)","decl":{"start":{"line":8,"column":43},"end":{"line":8,"column":44}},"loc":{"start":{"line":8,"column":76},"end":{"line":17,"column":1}}}},"branchMap":{},"s":{"0":0,"1":0,"2":0,"3":0,"4":0,"5":0},"f":{"0":0},"b":{}}
,"/Users/apple/quick-chat/components/layout/ChatRoomLayout.tsx": {"path":"/Users/apple/quick-chat/components/layout/ChatRoomLayout.tsx","statementMap":{"0":{"start":{"line":1,"column":0},"end":{"line":1,"column":39}},"1":{"start":{"line":2,"column":0},"end":{"line":2,"column":67}},"2":{"start":{"line":9,"column":53},"end":{"line":18,"column":1}},"3":{"start":{"line":10,"column":2},"end":{"line":17,"column":4}},"4":{"start":{"line":20,"column":15},"end":{"line":28,"column":2}},"5":{"start":{"line":30,"column":0},"end":{"line":30,"column":30}}},"fnMap":{"0":{"name":"(anonymous_1)","decl":{"start":{"line":9,"column":53},"end":{"line":9,"column":54}},"loc":{"start":{"line":9,"column":86},"end":{"line":18,"column":1}}}},"branchMap":{},"s":{"0":0,"1":0,"2":0,"3":0,"4":0,"5":0},"f":{"0":0},"b":{}}
,"/Users/apple/quick-chat/components/ui/DateHeader.tsx": {"path":"/Users/apple/quick-chat/components/ui/DateHeader.tsx","statementMap":{"0":{"start":{"line":1,"column":0},"end":{"line":1,"column":42}},"1":{"start":{"line":3,"column":19},"end":{"line":11,"column":1}},"2":{"start":{"line":4,"column":2},"end":{"line":10,"column":4}},"3":{"start":{"line":13,"column":0},"end":{"line":13,"column":26}}},"fnMap":{"0":{"name":"(anonymous_0)","decl":{"start":{"line":3,"column":19},"end":{"line":3,"column":20}},"loc":{"start":{"line":3,"column":50},"end":{"line":11,"column":1}}}},"branchMap":{},"s":{"0":0,"1":0,"2":0,"3":0},"f":{"0":0},"b":{}}
,"/Users/apple/quick-chat/components/ui/index.ts": {"path":"/Users/apple/quick-chat/components/ui/index.ts","statementMap":{"0":{"start":{"line":1,"column":0},"end":{"line":1,"column":9}},"1":{"start":{"line":1,"column":9},"end":{"line":1,"column":30}},"2":{"start":{"line":2,"column":0},"end":{"line":2,"column":9}},"3":{"start":{"line":2,"column":9},"end":{"line":2,"column":29}},"4":{"start":{"line":3,"column":0},"end":{"line":3,"column":9}},"5":{"start":{"line":3,"column":9},"end":{"line":3,"column":39}},"6":{"start":{"line":4,"column":0},"end":{"line":4,"column":9}},"7":{"start":{"line":4,"column":9},"end":{"line":4,"column":33}}},"fnMap":{"0":{"name":"(anonymous_1)","decl":{"start":{"line":1,"column":9},"end":{"line":1,"column":16}},"loc":{"start":{"line":1,"column":9},"end":{"line":1,"column":30}}},"1":{"name":"(anonymous_2)","decl":{"start":{"line":2,"column":9},"end":{"line":2,"column":16}},"loc":{"start":{"line":2,"column":9},"end":{"line":2,"column":29}}},"2":{"name":"(anonymous_3)","decl":{"start":{"line":3,"column":9},"end":{"line":3,"column":16}},"loc":{"start":{"line":3,"column":9},"end":{"line":3,"column":39}}},"3":{"name":"(anonymous_4)","decl":{"start":{"line":4,"column":9},"end":{"line":4,"column":16}},"loc":{"start":{"line":4,"column":9},"end":{"line":4,"column":33}}}},"branchMap":{},"s":{"0":0,"1":0,"2":0,"3":0,"4":0,"5":0,"6":0,"7":0},"f":{"0":0,"1":0,"2":0,"3":0},"b":{}}
,"/Users/apple/quick-chat/components/ui/inputs/BaseInput.tsx": {"path":"/Users/apple/quick-chat/components/ui/inputs/BaseInput.tsx","statementMap":{"0":{"start":{"line":1,"column":0},"end":{"line":1,"column":35}},"1":{"start":{"line":2,"column":0},"end":{"line":2,"column":40}},"2":{"start":{"line":3,"column":0},"end":{"line":3,"column":63}},"3":{"start":{"line":5,"column":0},"end":{"line":5,"column":39}},"4":{"start":{"line":32,"column":44},"end":{"line":101,"column":1}},"5":{"start":{"line":53,"column":36},"end":{"line":53,"column":51}},"6":{"start":{"line":55,"column":2},"end":{"line":100,"column":4}},"7":{"start":{"line":70,"column":25},"end":{"line":70,"column":43}},"8":{"start":{"line":72,"column":12},"end":{"line":72,"column":32}},"9":{"start":{"line":103,"column":0},"end":{"line":103,"column":25}}},"fnMap":{"0":{"name":"(anonymous_6)","decl":{"start":{"line":32,"column":44},"end":{"line":32,"column":45}},"loc":{"start":{"line":52,"column":5},"end":{"line":101,"column":1}}},"1":{"name":"(anonymous_7)","decl":{"start":{"line":70,"column":19},"end":{"line":70,"column":22}},"loc":{"start":{"line":70,"column":25},"end":{"line":70,"column":43}}},"2":{"name":"(anonymous_8)","decl":{"start":{"line":71,"column":18},"end":{"line":71,"column":21}},"loc":{"start":{"line":71,"column":23},"end":{"line":73,"column":11}}}},"branchMap":{"0":{"loc":{"start":{"line":34,"column":2},"end":{"line":34,"column":18}},"type":"default-arg","locations":[{"start":{"line":34,"column":9},"end":{"line":34,"column":18}}]},"1":{"loc":{"start":{"line":35,"column":2},"end":{"line":35,"column":17}},"type":"default-arg","locations":[{"start":{"line":35,"column":15},"end":{"line":35,"column":17}}]},"2":{"loc":{"start":{"line":39,"column":2},"end":{"line":39,"column":18}},"type":"default-arg","locations":[{"start":{"line":39,"column":13},"end":{"line":39,"column":18}}]},"3":{"loc":{"start":{"line":40,"column":2},"end":{"line":40,"column":18}},"type":"default-arg","locations":[{"start":{"line":40,"column":13},"end":{"line":40,"column":18}}]},"4":{"loc":{"start":{"line":42,"column":2},"end":{"line":42,"column":18}},"type":"default-arg","locations":[{"start":{"line":42,"column":13},"end":{"line":42,"column":18}}]},"5":{"loc":{"start":{"line":43,"column":2},"end":{"line":43,"column":15}},"type":"default-arg","locations":[{"start":{"line":43,"column":13},"end":{"line":43,"column":15}}]},"6":{"loc":{"start":{"line":44,"column":2},"end":{"line":44,"column":25}},"type":"default-arg","locations":[{"start":{"line":44,"column":23},"end":{"line":44,"column":25}}]},"7":{"loc":{"start":{"line":45,"column":2},"end":{"line":45,"column":21}},"type":"default-arg","locations":[{"start":{"line":45,"column":19},"end":{"line":45,"column":21}}]},"8":{"loc":{"start":{"line":46,"column":2},"end":{"line":46,"column":17}},"type":"default-arg","locations":[{"start":{"line":46,"column":13},"end":{"line":46,"column":17}}]},"9":{"loc":{"start":{"line":50,"column":2},"end":{"line":50,"column":25}},"type":"default-arg","locations":[{"start":{"line":50,"column":19},"end":{"line":50,"column":25}}]},"10":{"loc":{"start":{"line":60,"column":10},"end":{"line":60,"column":null}},"type":"binary-expr","locations":[{"start":{"line":60,"column":10},"end":{"line":60,"column":19}},{"start":{"line":60,"column":23},"end":{"line":60,"column":null}}]},"11":{"loc":{"start":{"line":61,"column":30},"end":{"line":61,"column":54}},"type":"binary-expr","locations":[{"start":{"line":61,"column":30},"end":{"line":61,"column":38}},{"start":{"line":61,"column":42},"end":{"line":61,"column":54}}]},"12":{"loc":{"start":{"line":67,"column":116},"end":{"line":67,"column":159}},"type":"cond-expr","locations":[{"start":{"line":67,"column":144},"end":{"line":67,"column":150}},{"start":{"line":67,"column":153},"end":{"line":67,"column":159}}]},"13":{"loc":{"start":{"line":80,"column":12},"end":{"line":82,"column":null}},"type":"cond-expr","locations":[{"start":{"line":81,"column":16},"end":{"line":81,"column":61}},{"start":{"line":82,"column":16},"end":{"line":82,"column":null}}]},"14":{"loc":{"start":{"line":80,"column":12},"end":{"line":80,"column":32}},"type":"binary-expr","locations":[{"start":{"line":80,"column":12},"end":{"line":80,"column":17}},{"start":{"line":80,"column":21},"end":{"line":80,"column":32}}]},"15":{"loc":{"start":{"line":83,"column":14},"end":{"line":83,"column":44}},"type":"cond-expr","locations":[{"start":{"line":83,"column":25},"end":{"line":83,"column":39}},{"start":{"line":83,"column":42},"end":{"line":83,"column":44}}]},"16":{"loc":{"start":{"line":87,"column":7},"end":{"line":97,"column":null}},"type":"binary-expr","locations":[{"start":{"line":87,"column":7},"end":{"line":87,"column":15}},{"start":{"line":88,"column":8},"end":{"line":96,"column":null}}]}},"s":{"0":0,"1":0,"2":0,"3":0,"4":0,"5":0,"6":0,"7":0,"8":0,"9":0},"f":{"0":0,"1":0,"2":0},"b":{"0":[0],"1":[0],"2":[0],"3":[0],"4":[0],"5":[0],"6":[0],"7":[0],"8":[0],"9":[0],"10":[0,0],"11":[0,0],"12":[0,0],"13":[0,0],"14":[0,0],"15":[0,0],"16":[0,0]}}
,"/Users/apple/quick-chat/components/ui/inputs/BaseSearchTextInput.tsx": {"path":"/Users/apple/quick-chat/components/ui/inputs/BaseSearchTextInput.tsx","statementMap":{"0":{"start":{"line":1,"column":0},"end":{"line":1,"column":51}},"1":{"start":{"line":2,"column":0},"end":{"line":2,"column":35}},"2":{"start":{"line":3,"column":0},"end":{"line":3,"column":40}},"3":{"start":{"line":4,"column":0},"end":{"line":4,"column":53}},"4":{"start":{"line":6,"column":0},"end":{"line":6,"column":39}},"5":{"start":{"line":76,"column":64},"end":{"line":141,"column":1}},"6":{"start":{"line":98,"column":36},"end":{"line":98,"column":51}},"7":{"start":{"line":100,"column":2},"end":{"line":140,"column":4}},"8":{"start":{"line":118,"column":25},"end":{"line":118,"column":43}},"9":{"start":{"line":121,"column":12},"end":{"line":121,"column":32}},"10":{"start":{"line":143,"column":0},"end":{"line":143,"column":35}}},"fnMap":{"0":{"name":"(anonymous_7)","decl":{"start":{"line":76,"column":64},"end":{"line":76,"column":65}},"loc":{"start":{"line":97,"column":5},"end":{"line":141,"column":1}}},"1":{"name":"(anonymous_8)","decl":{"start":{"line":118,"column":19},"end":{"line":118,"column":22}},"loc":{"start":{"line":118,"column":25},"end":{"line":118,"column":43}}},"2":{"name":"(anonymous_9)","decl":{"start":{"line":120,"column":18},"end":{"line":120,"column":21}},"loc":{"start":{"line":120,"column":23},"end":{"line":122,"column":11}}}},"branchMap":{"0":{"loc":{"start":{"line":77,"column":2},"end":{"line":77,"column":18}},"type":"default-arg","locations":[{"start":{"line":77,"column":9},"end":{"line":77,"column":18}}]},"1":{"loc":{"start":{"line":78,"column":2},"end":{"line":78,"column":17}},"type":"default-arg","locations":[{"start":{"line":78,"column":15},"end":{"line":78,"column":17}}]},"2":{"loc":{"start":{"line":82,"column":2},"end":{"line":82,"column":18}},"type":"default-arg","locations":[{"start":{"line":82,"column":13},"end":{"line":82,"column":18}}]},"3":{"loc":{"start":{"line":83,"column":2},"end":{"line":83,"column":18}},"type":"default-arg","locations":[{"start":{"line":83,"column":13},"end":{"line":83,"column":18}}]},"4":{"loc":{"start":{"line":85,"column":2},"end":{"line":85,"column":18}},"type":"default-arg","locations":[{"start":{"line":85,"column":13},"end":{"line":85,"column":18}}]},"5":{"loc":{"start":{"line":86,"column":2},"end":{"line":86,"column":15}},"type":"default-arg","locations":[{"start":{"line":86,"column":13},"end":{"line":86,"column":15}}]},"6":{"loc":{"start":{"line":87,"column":2},"end":{"line":87,"column":25}},"type":"default-arg","locations":[{"start":{"line":87,"column":23},"end":{"line":87,"column":25}}]},"7":{"loc":{"start":{"line":88,"column":2},"end":{"line":88,"column":21}},"type":"default-arg","locations":[{"start":{"line":88,"column":19},"end":{"line":88,"column":21}}]},"8":{"loc":{"start":{"line":89,"column":2},"end":{"line":89,"column":17}},"type":"default-arg","locations":[{"start":{"line":89,"column":13},"end":{"line":89,"column":17}}]},"9":{"loc":{"start":{"line":93,"column":2},"end":{"line":93,"column":25}},"type":"default-arg","locations":[{"start":{"line":93,"column":19},"end":{"line":93,"column":25}}]},"10":{"loc":{"start":{"line":94,"column":2},"end":{"line":94,"column":25}},"type":"default-arg","locations":[{"start":{"line":94,"column":20},"end":{"line":94,"column":25}}]},"11":{"loc":{"start":{"line":105,"column":10},"end":{"line":105,"column":null}},"type":"binary-expr","locations":[{"start":{"line":105,"column":10},"end":{"line":105,"column":19}},{"start":{"line":105,"column":23},"end":{"line":105,"column":null}}]},"12":{"loc":{"start":{"line":106,"column":30},"end":{"line":106,"column":54}},"type":"binary-expr","locations":[{"start":{"line":106,"column":30},"end":{"line":106,"column":38}},{"start":{"line":106,"column":42},"end":{"line":106,"column":54}}]},"13":{"loc":{"start":{"line":127,"column":7},"end":{"line":137,"column":null}},"type":"binary-expr","locations":[{"start":{"line":127,"column":7},"end":{"line":127,"column":15}},{"start":{"line":128,"column":8},"end":{"line":136,"column":null}}]}},"s":{"0":0,"1":0,"2":0,"3":0,"4":0,"5":0,"6":0,"7":0,"8":0,"9":0,"10":0},"f":{"0":0,"1":0,"2":0},"b":{"0":[0],"1":[0],"2":[0],"3":[0],"4":[0],"5":[0],"6":[0],"7":[0],"8":[0],"9":[0],"10":[0],"11":[0,0],"12":[0,0],"13":[0,0]}}
,"/Users/apple/quick-chat/components/ui/inputs/BaseTextInput.tsx": {"path":"/Users/apple/quick-chat/components/ui/inputs/BaseTextInput.tsx","statementMap":{"0":{"start":{"line":1,"column":0},"end":{"line":1,"column":35}},"1":{"start":{"line":2,"column":0},"end":{"line":2,"column":40}},"2":{"start":{"line":3,"column":0},"end":{"line":3,"column":63}},"3":{"start":{"line":5,"column":0},"end":{"line":5,"column":39}},"4":{"start":{"line":76,"column":52},"end":{"line":148,"column":1}},"5":{"start":{"line":99,"column":36},"end":{"line":99,"column":51}},"6":{"start":{"line":101,"column":2},"end":{"line":147,"column":4}},"7":{"start":{"line":118,"column":25},"end":{"line":118,"column":43}},"8":{"start":{"line":120,"column":12},"end":{"line":120,"column":32}},"9":{"start":{"line":150,"column":0},"end":{"line":150,"column":29}}},"fnMap":{"0":{"name":"(anonymous_6)","decl":{"start":{"line":76,"column":52},"end":{"line":76,"column":53}},"loc":{"start":{"line":98,"column":5},"end":{"line":148,"column":1}}},"1":{"name":"(anonymous_7)","decl":{"start":{"line":118,"column":19},"end":{"line":118,"column":22}},"loc":{"start":{"line":118,"column":25},"end":{"line":118,"column":43}}},"2":{"name":"(anonymous_8)","decl":{"start":{"line":119,"column":18},"end":{"line":119,"column":21}},"loc":{"start":{"line":119,"column":23},"end":{"line":121,"column":11}}}},"branchMap":{"0":{"loc":{"start":{"line":78,"column":2},"end":{"line":78,"column":18}},"type":"default-arg","locations":[{"start":{"line":78,"column":9},"end":{"line":78,"column":18}}]},"1":{"loc":{"start":{"line":79,"column":2},"end":{"line":79,"column":17}},"type":"default-arg","locations":[{"start":{"line":79,"column":15},"end":{"line":79,"column":17}}]},"2":{"loc":{"start":{"line":83,"column":2},"end":{"line":83,"column":18}},"type":"default-arg","locations":[{"start":{"line":83,"column":13},"end":{"line":83,"column":18}}]},"3":{"loc":{"start":{"line":84,"column":2},"end":{"line":84,"column":18}},"type":"default-arg","locations":[{"start":{"line":84,"column":13},"end":{"line":84,"column":18}}]},"4":{"loc":{"start":{"line":86,"column":2},"end":{"line":86,"column":18}},"type":"default-arg","locations":[{"start":{"line":86,"column":13},"end":{"line":86,"column":18}}]},"5":{"loc":{"start":{"line":87,"column":2},"end":{"line":87,"column":15}},"type":"default-arg","locations":[{"start":{"line":87,"column":13},"end":{"line":87,"column":15}}]},"6":{"loc":{"start":{"line":88,"column":2},"end":{"line":88,"column":25}},"type":"default-arg","locations":[{"start":{"line":88,"column":23},"end":{"line":88,"column":25}}]},"7":{"loc":{"start":{"line":89,"column":2},"end":{"line":89,"column":21}},"type":"default-arg","locations":[{"start":{"line":89,"column":19},"end":{"line":89,"column":21}}]},"8":{"loc":{"start":{"line":90,"column":2},"end":{"line":90,"column":17}},"type":"default-arg","locations":[{"start":{"line":90,"column":13},"end":{"line":90,"column":17}}]},"9":{"loc":{"start":{"line":94,"column":2},"end":{"line":94,"column":25}},"type":"default-arg","locations":[{"start":{"line":94,"column":19},"end":{"line":94,"column":25}}]},"10":{"loc":{"start":{"line":95,"column":2},"end":{"line":95,"column":25}},"type":"default-arg","locations":[{"start":{"line":95,"column":20},"end":{"line":95,"column":25}}]},"11":{"loc":{"start":{"line":106,"column":10},"end":{"line":106,"column":null}},"type":"binary-expr","locations":[{"start":{"line":106,"column":10},"end":{"line":106,"column":19}},{"start":{"line":106,"column":23},"end":{"line":106,"column":null}}]},"12":{"loc":{"start":{"line":107,"column":30},"end":{"line":107,"column":54}},"type":"binary-expr","locations":[{"start":{"line":107,"column":30},"end":{"line":107,"column":38}},{"start":{"line":107,"column":42},"end":{"line":107,"column":54}}]},"13":{"loc":{"start":{"line":113,"column":162},"end":{"line":113,"column":205}},"type":"cond-expr","locations":[{"start":{"line":113,"column":190},"end":{"line":113,"column":196}},{"start":{"line":113,"column":199},"end":{"line":113,"column":205}}]},"14":{"loc":{"start":{"line":127,"column":12},"end":{"line":129,"column":null}},"type":"cond-expr","locations":[{"start":{"line":128,"column":16},"end":{"line":128,"column":61}},{"start":{"line":129,"column":16},"end":{"line":129,"column":null}}]},"15":{"loc":{"start":{"line":127,"column":12},"end":{"line":127,"column":32}},"type":"binary-expr","locations":[{"start":{"line":127,"column":12},"end":{"line":127,"column":17}},{"start":{"line":127,"column":21},"end":{"line":127,"column":32}}]},"16":{"loc":{"start":{"line":130,"column":14},"end":{"line":130,"column":42}},"type":"cond-expr","locations":[{"start":{"line":130,"column":25},"end":{"line":130,"column":37}},{"start":{"line":130,"column":40},"end":{"line":130,"column":42}}]},"17":{"loc":{"start":{"line":134,"column":7},"end":{"line":144,"column":null}},"type":"binary-expr","locations":[{"start":{"line":134,"column":7},"end":{"line":134,"column":15}},{"start":{"line":135,"column":8},"end":{"line":143,"column":null}}]}},"s":{"0":0,"1":0,"2":0,"3":0,"4":0,"5":0,"6":0,"7":0,"8":0,"9":0},"f":{"0":0,"1":0,"2":0},"b":{"0":[0],"1":[0],"2":[0],"3":[0],"4":[0],"5":[0],"6":[0],"7":[0],"8":[0],"9":[0],"10":[0],"11":[0,0],"12":[0,0],"13":[0,0],"14":[0,0],"15":[0,0],"16":[0,0],"17":[0,0]}}
[...]
,"column":12},"end":{"line":37,"column":15}},"loc":{"start":{"line":37,"column":17},"end":{"line":59,"column":3}}},"2":{"name":"(anonymous_3)","decl":{"start":{"line":47,"column":62},"end":{"line":47,"column":63}},"loc":{"start":{"line":47,"column":97},"end":{"line":57,"column":5}}},"3":{"name":"(anonymous_4)","decl":{"start":{"line":58,"column":11},"end":{"line":58,"column":14}},"loc":{"start":{"line":58,"column":16},"end":{"line":58,"column":19}}},"4":{"name":"(anonymous_5)","decl":{"start":{"line":61,"column":45},"end":{"line":61,"column":48}},"loc":{"start":{"line":61,"column":50},"end":{"line":75,"column":3}}},"5":{"name":"(anonymous_6)","decl":{"start":{"line":65,"column":37},"end":{"line":65,"column":38}},"loc":{"start":{"line":66,"column":8},"end":{"line":66,"column":61}}},"6":{"name":"(anonymous_7)","decl":{"start":{"line":70,"column":25},"end":{"line":70,"column":26}},"loc":{"start":{"line":70,"column":34},"end":{"line":74,"column":5}}},"7":{"name":"(anonymous_8)","decl":{"start":{"line":77,"column":28},"end":{"line":77,"column":33}},"loc":{"start":{"line":77,"column":39},"end":{"line":79,"column":3}}},"8":{"name":"(anonymous_9)","decl":{"start":{"line":81,"column":21},"end":{"line":81,"column":24}},"loc":{"start":{"line":81,"column":26},"end":{"line":83,"column":3}}},"9":{"name":"(anonymous_10)","decl":{"start":{"line":112,"column":28},"end":{"line":112,"column":31}},"loc":{"start":{"line":112,"column":34},"end":{"line":112,"column":58}}},"10":{"name":"(anonymous_11)","decl":{"start":{"line":116,"column":29},"end":{"line":116,"column":30}},"loc":{"start":{"line":116,"column":36},"end":{"line":116,"column":56}}},"11":{"name":"(anonymous_12)","decl":{"start":{"line":131,"column":24},"end":{"line":131,"column":25}},"loc":{"start":{"line":131,"column":34},"end":{"line":131,"column":41}}},"12":{"name":"(anonymous_13)","decl":{"start":{"line":132,"column":22},"end":{"line":132,"column":23}},"loc":{"start":{"line":132,"column":36},"end":{"line":132,"column":58}}}},"branchMap":{"0":{"loc":{"start":{"line":31,"column":10},"end":{"line":31,"column":23}},"type":"default-arg","locations":[{"start":{"line":31,"column":21},"end":{"line":31,"column":23}}]},"1":{"loc":{"start":{"line":38,"column":4},"end":{"line":42,"column":5}},"type":"if","locations":[{"start":{"line":38,"column":4},"end":{"line":42,"column":5}}]},"2":{"loc":{"start":{"line":48,"column":6},"end":{"line":55,"column":7}},"type":"if","locations":[{"start":{"line":48,"column":6},"end":{"line":55,"column":7}},{"start":{"line":52,"column":13},"end":{"line":55,"column":7}}]},"3":{"loc":{"start":{"line":50,"column":17},"end":{"line":50,"column":64}},"type":"binary-expr","locations":[{"start":{"line":50,"column":17},"end":{"line":50,"column":37}},{"start":{"line":50,"column":41},"end":{"line":50,"column":64}}]},"4":{"loc":{"start":{"line":63,"column":4},"end":{"line":68,"column":5}},"type":"if","locations":[{"start":{"line":63,"column":4},"end":{"line":68,"column":5}}]},"5":{"loc":{"start":{"line":71,"column":29},"end":{"line":71,"column":58}},"type":"binary-expr","locations":[{"start":{"line":71,"column":29},"end":{"line":71,"column":53}},{"start":{"line":71,"column":57},"end":{"line":71,"column":58}}]},"6":{"loc":{"start":{"line":72,"column":29},"end":{"line":72,"column":58}},"type":"binary-expr","locations":[{"start":{"line":72,"column":29},"end":{"line":72,"column":53}},{"start":{"line":72,"column":57},"end":{"line":72,"column":58}}]},"7":{"loc":{"start":{"line":85,"column":2},"end":{"line":94,"column":3}},"type":"if","locations":[{"start":{"line":85,"column":2},"end":{"line":94,"column":3}}]},"8":{"loc":{"start":{"line":96,"column":2},"end":{"line":104,"column":3}},"type":"if","locations":[{"start":{"line":96,"column":2},"end":{"line":104,"column":3}}]},"9":{"loc":{"start":{"line":108,"column":7},"end":{"line":118,"column":null}},"type":"cond-expr","locations":[{"start":{"line":109,"column":8},"end":{"line":112,"column":null}},{"start":{"line":115,"column":8},"end":{"line":117,"column":null}}]},"10":{"loc":{"start":{"line":124,"column":7},"end":{"line":134,"column":null}},"type":"cond-expr","locations":[{"start":{"line":125,"column":8},"end":{"line":126,"column":null}},{"start":{"line":129,"column":8},"end":{"line":133,"column":null}}]}},"s":{"0":0,"1":0,"2":0,"3":0,"4":0,"5":0,"6":0,"7":0,"8":0,"9":0,"10":0,"11":0,"12":0,"13":0,"14":0,"15":0,"16":0,"17":0,"18":0,"19":0,"20":0,"21":0,"22":0,"23":0,"24":0,"25":0,"26":0,"27":0,"28":0,"29":0,"30":0,"31":0,"32":0,"33":0,"34":0,"35":0,"36":0,"37":0,"38":0,"39":0,"40":0,"41":0,"42":0,"43":0,"44":0,"45":0,"46":0,"47":0,"48":0,"49":0,"50":0,"51":0,"52":0,"53":0,"54":0,"55":0,"56":0,"57":0,"58":0,"59":0,"60":0},"f":{"0":0,"1":0,"2":0,"3":0,"4":0,"5":0,"6":0,"7":0,"8":0,"9":0,"10":0,"11":0,"12":0},"b":{"0":[0],"1":[0],"2":[0,0],"3":[0,0],"4":[0],"5":[0,0],"6":[0,0],"7":[0],"8":[0],"9":[0,0],"10":[0,0]}}
,"/Users/apple/quick-chat/screens/OnboardingScreen.tsx": {"path":"/Users/apple/quick-chat/screens/OnboardingScreen.tsx","statementMap":{"0":{"start":{"line":1,"column":0},"end":{"line":1,"column":35}},"1":{"start":{"line":2,"column":0},"end":{"line":2,"column":63}},"2":{"start":{"line":4,"column":0},"end":{"line":4,"column":39}},"3":{"start":{"line":6,"column":19},"end":{"line":36,"column":1}},"4":{"start":{"line":8,"column":2},"end":{"line":35,"column":4}},"5":{"start":{"line":38,"column":0},"end":{"line":38,"column":26}}},"fnMap":{"0":{"name":"(anonymous_0)","decl":{"start":{"line":6,"column":19},"end":{"line":6,"column":22}},"loc":{"start":{"line":6,"column":24},"end":{"line":36,"column":1}}}},"branchMap":{},"s":{"0":0,"1":0,"2":0,"3":0,"4":0,"5":0},"f":{"0":0},"b":{}}
,"/Users/apple/quick-chat/screens/ProfileScreen.tsx": {"path":"/Users/apple/quick-chat/screens/ProfileScreen.tsx","statementMap":{"0":{"start":{"line":1,"column":0},"end":{"line":1,"column":37}},"1":{"start":{"line":2,"column":0},"end":{"line":2,"column":26}},"2":{"start":{"line":3,"column":0},"end":{"line":3,"column":60}},"3":{"start":{"line":11,"column":0},"end":{"line":11,"column":51}},"4":{"start":{"line":13,"column":22},"end":{"line":27,"column":1}},"5":{"start":{"line":14,"column":22},"end":{"line":14,"column":34}},"6":{"start":{"line":16,"column":24},"end":{"line":19,"column":3}},"7":{"start":{"line":17,"column":4},"end":{"line":17,"column":14}},"8":{"start":{"line":18,"column":4},"end":{"line":18,"column":31}},"9":{"start":{"line":20,"column":2},"end":{"line":26,"column":4}},"10":{"start":{"line":22,"column":78},"end":{"line":22,"column":93}},"11":{"start":{"line":29,"column":0},"end":{"line":29,"column":29}}},"fnMap":{"0":{"name":"(anonymous_1)","decl":{"start":{"line":13,"column":22},"end":{"line":13,"column":25}},"loc":{"start":{"line":13,"column":27},"end":{"line":27,"column":1}}},"1":{"name":"(anonymous_2)","decl":{"start":{"line":16,"column":24},"end":{"line":16,"column":27}},"loc":{"start":{"line":16,"column":29},"end":{"line":19,"column":3}}},"2":{"name":"(anonymous_3)","decl":{"start":{"line":22,"column":72},"end":{"line":22,"column":75}},"loc":{"start":{"line":22,"column":78},"end":{"line":22,"column":93}}}},"branchMap":{},"s":{"0":0,"1":0,"2":0,"3":0,"4":0,"5":0,"6":0,"7":0,"8":0,"9":0,"10":0,"11":0},"f":{"0":0,"1":0,"2":0},"b":{}}
,"/Users/apple/quick-chat/screens/SignInScreen.tsx": {"path":"/Users/apple/quick-chat/screens/SignInScreen.tsx","statementMap":{"0":{"start":{"line":1,"column":0},"end":{"line":1,"column":52}},"1":{"start":{"line":2,"column":0},"end":{"line":2,"column":49}},"2":{"start":{"line":3,"column":0},"end":{"line":3,"column":43}},"3":{"start":{"line":4,"column":0},"end":{"line":4,"column":33}},"4":{"start":{"line":5,"column":0},"end":{"line":5,"column":53}},"5":{"start":{"line":6,"column":0},"end":{"line":6,"column":47}},"6":{"start":{"line":8,"column":0},"end":{"line":8,"column":48}},"7":{"start":{"line":11,"column":28},"end":{"line":11,"column":40}},"8":{"start":{"line":12,"column":34},"end":{"line":12,"column":46}},"9":{"start":{"line":13,"column":21},"end":{"line":13,"column":33}},"10":{"start":{"line":15,"column":22},"end":{"line":21,"column":3}},"11":{"start":{"line":16,"column":4},"end":{"line":20,"column":5}},"12":{"start":{"line":17,"column":6},"end":{"line":17,"column":43}},"13":{"start":{"line":19,"column":6},"end":{"line":19,"column":16}},"14":{"start":{"line":23,"column":39},"end":{"line":43,"column":4}},"15":{"start":{"line":26,"column":6},"end":{"line":26,"column":38}},"16":{"start":{"line":29,"column":6},"end":{"line":41,"column":7}},"17":{"start":{"line":30,"column":8},"end":{"line":34,"column":11}},"18":{"start":{"line":36,"column":8},"end":{"line":40,"column":11}},"19":{"start":{"line":45,"column":28},"end":{"line":47,"column":3}},"20":{"start":{"line":46,"column":4},"end":{"line":46,"column":12}},"21":{"start":{"line":49,"column":2},"end":{"line":104,"column":4}},"22":{"start":{"line":10,"column":0},"end":{"line":10,"column":24}}},"fnMap":{"0":{"name":"SignIn","decl":{"start":{"line":10,"column":24},"end":{"line":10,"column":30}},"loc":{"start":{"line":10,"column":30},"end":{"line":105,"column":1}}},"1":{"name":"(anonymous_2)","decl":{"start":{"line":15,"column":22},"end":{"line":15,"column":27}},"loc":{"start":{"line":15,"column":33},"end":{"line":21,"column":3}}},"2":{"name":"(anonymous_3)","decl":{"start":{"line":25,"column":15},"end":{"line":25,"column":18}},"loc":{"start":{"line":25,"column":20},"end":{"line":27,"column":5}}},"3":{"name":"(anonymous_4)","decl":{"start":{"line":28,"column":13},"end":{"line":28,"column":14}},"loc":{"start":{"line":28,"column":23},"end":{"line":42,"column":5}}},"4":{"name":"(anonymous_5)","decl":{"start":{"line":45,"column":28},"end":{"line":45,"column":31}},"loc":{"start":{"line":45,"column":33},"end":{"line":47,"column":3}}}},"branchMap":{"0":{"loc":{"start":{"line":29,"column":6},"end":{"line":41,"column":7}},"type":"if","locations":[{"start":{"line":29,"column":6},"end":{"line":41,"column":7}},{"start":{"line":35,"column":13},"end":{"line":41,"column":7}}]},"1":{"loc":{"start":{"line":88,"column":13},"end":{"line":88,"column":49}},"type":"cond-expr","locations":[{"start":{"line":88,"column":25},"end":{"line":88,"column":37}},{"start":{"line":88,"column":40},"end":{"line":88,"column":49}}]}},"s":{"0":0,"1":0,"2":0,"3":0,"4":0,"5":0,"6":0,"7":0,"8":0,"9":0,"10":0,"11":0,"12":0,"13":0,"14":0,"15":0,"16":0,"17":0,"18":0,"19":0,"20":0,"21":0,"22":0},"f":{"0":0,"1":0,"2":0,"3":0,"4":0},"b":{"0":[0,0],"1":[0,0]}}
,"/Users/apple/quick-chat/screens/SignUpScreen.tsx": {"path":"/Users/apple/quick-chat/screens/SignUpScreen.tsx","statementMap":{"0":{"start":{"line":1,"column":0},"end":{"line":1,"column":52}},"1":{"start":{"line":2,"column":0},"end":{"line":2,"column":49}},"2":{"start":{"line":3,"column":0},"end":{"line":3,"column":43}},"3":{"start":{"line":4,"column":0},"end":{"line":4,"column":33}},"4":{"start":{"line":5,"column":0},"end":{"line":5,"column":53}},"5":{"start":{"line":6,"column":0},"end":{"line":6,"column":47}},"6":{"start":{"line":8,"column":0},"end":{"line":8,"column":48}},"7":{"start":{"line":11,"column":28},"end":{"line":11,"column":40}},"8":{"start":{"line":12,"column":34},"end":{"line":12,"column":46}},"9":{"start":{"line":13,"column":26},"end":{"line":13,"column":38}},"10":{"start":{"line":14,"column":21},"end":{"line":14,"column":33}},"11":{"start":{"line":16,"column":19},"end":{"line":23,"column":3}},"12":{"start":{"line":17,"column":4},"end":{"line":22,"column":5}},"13":{"start":{"line":18,"column":23},"end":{"line":18,"column":58}},"14":{"start":{"line":19,"column":6},"end":{"line":19,"column":22}},"15":{"start":{"line":21,"column":6},"end":{"line":21,"column":16}},"16":{"start":{"line":25,"column":48},"end":{"line":45,"column":4}},"17":{"start":{"line":28,"column":6},"end":{"line":28,"column":33}},"18":{"start":{"line":31,"column":6},"end":{"line":43,"column":7}},"19":{"start":{"line":32,"column":8},"end":{"line":36,"column":11}},"20":{"start":{"line":38,"column":8},"end":{"line":42,"column":11}},"21":{"start":{"line":47,"column":30},"end":{"line":49,"column":3}},"22":{"start":{"line":48,"column":4},"end":{"line":48,"column":21}},"23":{"start":{"line":51,"column":2},"end":{"line":110,"column":4}},"24":{"start":{"line":10,"column":0},"end":{"line":10,"column":24}}},"fnMap":{"0":{"name":"SignUp","decl":{"start":{"line":10,"column":24},"end":{"line":10,"column":30}},"loc":{"start":{"line":10,"column":30},"end":{"line":111,"column":1}}},"1":{"name":"(anonymous_2)","decl":{"start":{"line":16,"column":19},"end":{"line":16,"column":24}},"loc":{"start":{"line":16,"column":30},"end":{"line":23,"column":3}}},"2":{"name":"(anonymous_3)","decl":{"start":{"line":27,"column":15},"end":{"line":27,"column":18}},"loc":{"start":{"line":27,"column":20},"end":{"line":29,"column":5}}},"3":{"name":"(anonymous_4)","decl":{"start":{"line":30,"column":13},"end":{"line":30,"column":14}},"loc":{"start":{"line":30,"column":23},"end":{"line":44,"column":5}}},"4":{"name":"(anonymous_5)","decl":{"start":{"line":47,"column":30},"end":{"line":47,"column":33}},"loc":{"start":{"line":47,"column":35},"end":{"line":49,"column":3}}}},"branchMap":{"0":{"loc":{"start":{"line":31,"column":6},"end":{"line":43,"column":7}},"type":"if","locations":[{"start":{"line":31,"column":6},"end":{"line":43,"column":7}},{"start":{"line":37,"column":13},"end":{"line":43,"column":7}}]},"1":{"loc":{"start":{"line":95,"column":13},"end":{"line":95,"column":49}},"type":"cond-expr","locations":[{"start":{"line":95,"column":25},"end":{"line":95,"column":37}},{"start":{"line":95,"column":40},"end":{"line":95,"column":49}}]}},"s":{"0":0,"1":0,"2":0,"3":0,"4":0,"5":0,"6":0,"7":0,"8":0,"9":0,"10":0,"11":0,"12":0,"13":0,"14":0,"15":0,"16":0,"17":0,"18":0,"19":0,"20":0,"21":0,"22":0,"23":0,"24":0},"f":{"0":0,"1":0,"2":0,"3":0,"4":0},"b":{"0":[0,0],"1":[0,0]}}
,"/Users/apple/quick-chat/store/index.ts": {"path":"/Users/apple/quick-chat/store/index.ts","statementMap":{"0":{"start":{"line":1,"column":0},"end":{"line":1,"column":69}},"1":{"start":{"line":2,"column":0},"end":{"line":2,"column":67}},"2":{"start":{"line":3,"column":0},"end":{"line":3,"column":77}},"3":{"start":{"line":4,"column":0},"end":{"line":4,"column":null}},"4":{"start":{"line":15,"column":0},"end":{"line":15,"column":33}},"5":{"start":{"line":17,"column":22},"end":{"line":22,"column":2}},"6":{"start":{"line":24,"column":20},"end":{"line":26,"column":2}},"7":{"start":{"line":28,"column":26},"end":{"line":33,"column":1}},"8":{"start":{"line":29,"column":2},"end":{"line":32,"column":5}},"9":{"start":{"line":28,"column":13},"end":{"line":28,"column":26}},"10":{"start":{"line":35,"column":25},"end":{"line":35,"column":67}},"11":{"start":{"line":37,"column":13},"end":{"line":45,"column":3}},"12":{"start":{"line":40,"column":4},"end":{"line":44,"column":6}},"13":{"start":{"line":47,"column":13},"end":{"line":47,"column":45}},"14":{"start":{"line":52,"column":30},"end":{"line":52,"column":75}},"15":{"start":{"line":52,"column":49},"end":{"line":52,"column":75}},"16":{"start":{"line":52,"column":13},"end":{"line":52,"column":30}},"17":{"start":{"line":53,"column":13},"end":{"line":53,"column":75}}},"fnMap":{"0":{"name":"(anonymous_1)","decl":{"start":{"line":28,"column":26},"end":{"line":28,"column":27}},"loc":{"start":{"line":28,"column":66},"end":{"line":33,"column":1}}},"1":{"name":"(anonymous_2)","decl":{"start":{"line":39,"column":14},"end":{"line":39,"column":15}},"loc":{"start":{"line":40,"column":4},"end":{"line":44,"column":6}}},"2":{"name":"(anonymous_3)","decl":{"start":{"line":52,"column":30},"end":{"line":52,"column":46}},"loc":{"start":{"line":52,"column":49},"end":{"line":52,"column":75}}}},"branchMap":{},"s":{"0":0,"1":0,"2":0,"3":0,"4":0,"5":0,"6":0,"7":0,"8":0,"9":0,"10":0,"11":0,"12":0,"13":0,"14":0,"15":0,"16":0,"17":0},"f":{"0":0,"1":0,"2":0},"b":{}}
,"/Users/apple/quick-chat/store/chat/actions.ts": {"path":"/Users/apple/quick-chat/store/chat/actions.ts","statementMap":{"0":{"start":{"line":1,"column":0},"end":{"line":1,"column":52}},"1":{"start":{"line":2,"column":0},"end":{"line":2,"column":40}},"2":{"start":{"line":6,"column":13},"end":{"line":20,"column":2}},"3":{"start":{"line":9,"column":4},"end":{"line":18,"column":5}},"4":{"start":{"line":10,"column":23},"end":{"line":10,"column":66}},"5":{"start":{"line":11,"column":6},"end":{"line":13,"column":7}},"6":{"start":{"line":12,"column":8},"end":{"line":12,"column":61}},"7":{"start":{"line":14,"column":6},"end":{"line":14,"column":22}},"8":{"start":{"line":17,"column":6},"end":{"line":17,"column":50}},"9":{"start":{"line":22,"column":13},"end":{"line":35,"column":2}},"10":{"start":{"line":25,"column":4},"end":{"line":33,"column":5}},"11":{"start":{"line":26,"column":23},"end":{"line":26,"column":67}},"12":{"start":{"line":27,"column":6},"end":{"line":29,"column":7}},"13":{"start":{"line":28,"column":8},"end":{"line":28,"column":60}},"14":{"start":{"line":30,"column":6},"end":{"line":30,"column":22}},"15":{"start":{"line":32,"column":6},"end":{"line":32,"column":50}},"16":{"start":{"line":37,"column":13},"end":{"line":50,"column":2}},"17":{"start":{"line":40,"column":4},"end":{"line":48,"column":5}},"18":{"start":{"line":41,"column":23},"end":{"line":41,"column":71}},"19":{"start":{"line":42,"column":6},"end":{"line":44,"column":7}},"20":{"start":{"line":43,"column":8},"end":{"line":43,"column":60}},"21":{"start":{"line":45,"column":6},"end":{"line":45,"column":22}},"22":{"start":{"line":47,"column":6},"end":{"line":47,"column":50}}},"fnMap":{"0":{"name":"(anonymous_0)","decl":{"start":{"line":8,"column":2},"end":{"line":8,"column":7}},"loc":{"start":{"line":8,"column":51},"end":{"line":19,"column":3}}},"1":{"name":"(anonymous_1)","decl":{"start":{"line":24,"column":2},"end":{"line":24,"column":7}},"loc":{"start":{"line":24,"column":58},"end":{"line":34,"column":3}}},"2":{"name":"(anonymous_2)","decl":{"start":{"line":39,"column":2},"end":{"line":39,"column":7}},"loc":{"start":{"line":39,"column":58},"end":{"line":49,"column":3}}}},"branchMap":{"0":{"loc":{"start":{"line":11,"column":6},"end":{"line":13,"column":7}},"type":"if","locations":[{"start":{"line":11,"column":6},"end":{"line":13,"column":7}}]},"1":{"loc":{"start":{"line":27,"column":6},"end":{"line":29,"column":7}},"type":"if","locations":[{"start":{"line":27,"column":6},"end":{"line":29,"column":7}}]},"2":{"loc":{"start":{"line":42,"column":6},"end":{"line":44,"column":7}},"type":"if","locations":[{"start":{"line":42,"column":6},"end":{"line":44,"column":7}}]}},"s":{"0":0,"1":0,"2":0,"3":0,"4":0,"5":0,"6":0,"7":0,"8":0,"9":0,"10":0,"11":0,"12":0,"13":0,"14":0,"15":0,"16":0,"17":0,"18":0,"19":0,"20":0,"21":0,"22":0},"f":{"0":0,"1":0,"2":0},"b":{"0":[0],"1":[0],"2":[0]}}
,"/Users/apple/quick-chat/store/chat/index.ts": {"path":"/Users/apple/quick-chat/store/chat/index.ts","statementMap":{"0":{"start":{"line":1,"column":0},"end":{"line":1,"column":47}},"1":{"start":{"line":4,"column":13},"end":{"line":4,"column":36}},"2":{"start":{"line":6,"column":35},"end":{"line":11,"column":2}},"3":{"start":{"line":13,"column":19},"end":{"line":23,"column":2}},"4":{"start":{"line":18,"column":6},"end":{"line":18,"column":42}},"5":{"start":{"line":25,"column":0},"end":{"line":25,"column":34}},"6":{"start":{"line":27,"column":13},"end":{"line":27,"column":38}}},"fnMap":{"0":{"name":"(anonymous_0)","decl":{"start":{"line":17,"column":21},"end":{"line":17,"column":22}},"loc":{"start":{"line":17,"column":37},"end":{"line":19,"column":5}}},"1":{"name":"(anonymous_1)","decl":{"start":{"line":22,"column":17},"end":{"line":22,"column":18}},"loc":{"start":{"line":22,"column":29},"end":{"line":22,"column":33}}}},"branchMap":{},"s":{"0":0,"1":0,"2":0,"3":0,"4":0,"5":0,"6":0},"f":{"0":0,"1":0},"b":{}}
,"/Users/apple/quick-chat/store/chat/service.ts": {"path":"/Users/apple/quick-chat/store/chat/service.ts","statementMap":{"0":{"start":{"line":8,"column":13},"end":{"line":8,"column":45}}},"fnMap":{},"branchMap":{},"s":{"0":0},"f":{},"b":{}}
}
