TN:
SF:app-env.d.ts
FNF:0
FNH:0
LF:0
LH:0
BRF:0
BRH:0
end_of_record
TN:
SF:jest.config.js
FNF:0
FNH:0
DA:2,0
LF:1
LH:0
BRF:0
BRH:0
end_of_record
TN:
SF:metro.config.js
FNF:0
FNH:0
DA:1,0
DA:2,0
DA:4,0
DA:7,0
DA:8,0
DA:13,0
LF:6
LH:0
BRF:0
BRH:0
end_of_record
TN:
SF:nativewind-env.d.ts
FNF:0
FNH:0
LF:0
LH:0
BRF:0
BRH:0
end_of_record
TN:
SF:prettier.config.js
FNF:0
FNH:0
DA:1,0
LF:1
LH:0
BRF:0
BRH:0
end_of_record
TN:
SF:tailwind.config.js
FNF:0
FNH:0
DA:2,0
LF:1
LH:0
BRF:0
BRH:0
end_of_record
TN:
SF:app/+html.tsx
FN:7,Root
FNF:1
FNH:0
FNDA:0,Root
DA:1,0
DA:7,0
DA:8,0
DA:38,0
LF:4
LH:0
BRF:0
BRH:0
end_of_record
TN:
SF:app/+not-found.tsx
FN:4,NotFoundScreen
FN:21,(anonymous_1)
FNF:2
FNH:0
FNDA:0,NotFoundScreen
FNDA:0,(anonymous_1)
DA:1,0
DA:2,0
DA:4,0
DA:5,0
DA:21,0
LF:5
LH:0
BRDA:21,0,0,0
BRDA:21,0,1,0
BRF:2
BRH:0
end_of_record
TN:
SF:app/_layout.tsx
FN:38,RootLayout
FNF:1
FNH:0
FNDA:0,RootLayout
DA:1,0
DA:2,0
DA:3,0
DA:4,0
DA:5,0
DA:6,0
DA:7,0
DA:9,0
DA:10,0
DA:11,0
DA:14,0
DA:26,0
DA:38,0
DA:39,0
DA:40,0
DA:42,0
LF:16
LH:0
BRDA:43,0,0,0
BRDA:43,0,1,0
BRF:2
BRH:0
end_of_record
TN:
SF:app/index.tsx
FN:6,Home
FNF:1
FNH:0
FNDA:0,Home
DA:1,0
DA:3,0
DA:4,0
DA:6,0
DA:7,0
DA:8,0
DA:9,0
DA:11,0
LF:8
LH:0
BRDA:8,0,0,0
BRF:1
BRH:0
end_of_record
TN:
SF:app/sign-in.tsx
FN:3,(anonymous_1)
FNF:1
FNH:0
FNDA:0,(anonymous_1)
DA:1,0
DA:3,0
DA:4,0
DA:7,0
LF:4
LH:0
BRF:0
BRH:0
end_of_record
TN:
SF:app/sign-up.tsx
FN:4,(anonymous_1)
FNF:1
FNH:0
FNDA:0,(anonymous_1)
DA:1,0
DA:2,0
DA:4,0
DA:5,0
DA:8,0
LF:5
LH:0
BRF:0
BRH:0
end_of_record
TN:
SF:app/(tabs)/_layout.tsx
FN:5,TabBarIcon
FN:12,TabLayout
FN:24,(anonymous_3)
FN:31,(anonymous_4)
FNF:4
FNH:0
FNDA:0,TabBarIcon
FNDA:0,TabLayout
FNDA:0,(anonymous_3)
FNDA:0,(anonymous_4)
DA:1,0
DA:2,0
DA:3,0
DA:9,0
DA:12,0
DA:13,0
DA:24,0
DA:31,0
LF:8
LH:0
BRF:0
BRH:0
end_of_record
TN:
SF:app/(tabs)/chats/_layout.tsx
FN:4,PublicLayout
FNF:1
FNH:0
FNDA:0,PublicLayout
DA:1,0
DA:2,0
DA:4,0
DA:5,0
LF:4
LH:0
BRF:0
BRH:0
end_of_record
TN:
SF:app/(tabs)/chats/index.tsx
FN:4,(anonymous_1)
FNF:1
FNH:0
FNDA:0,(anonymous_1)
DA:1,0
DA:2,0
DA:4,0
DA:5,0
DA:8,0
LF:5
LH:0
BRF:0
BRH:0
end_of_record
TN:
SF:app/(tabs)/profile/_layout.tsx
FN:4,PublicLayout
FNF:1
FNH:0
FNDA:0,PublicLayout
DA:1,0
DA:2,0
DA:4,0
DA:5,0
LF:4
LH:0
BRF:0
BRH:0
end_of_record
TN:
SF:app/(tabs)/profile/index.tsx
FN:4,(anonymous_1)
FNF:1
FNH:0
FNDA:0,(anonymous_1)
DA:1,0
DA:2,0
DA:4,0
DA:5,0
DA:8,0
LF:5
LH:0
BRF:0
BRH:0
end_of_record
TN:
SF:app/chatroom/[id].tsx
FN:5,(anonymous_1)
FNF:1
FNH:0
FNDA:0,(anonymous_1)
DA:1,0
DA:2,0
DA:3,0
DA:5,0
DA:6,0
DA:13,0
LF:6
LH:0
BRF:0
BRH:0
end_of_record
TN:
SF:assets/index.ts
FNF:0
FNH:0
DA:1,4
LF:1
LH:1
BRF:0
BRH:0
end_of_record
TN:
SF:components/chats/chatRoom/ActiveTypingBubble.tsx
FN:4,(anonymous_6)
FN:9,(anonymous_7)
FN:10,(anonymous_8)
FN:16,(anonymous_9)
FN:18,(anonymous_10)
FN:24,(anonymous_11)
FN:30,(anonymous_12)
FN:34,(anonymous_13)
FNF:8
FNH:6
FNDA:5,(anonymous_6)
FNDA:5,(anonymous_7)
FNDA:3,(anonymous_8)
FNDA:0,(anonymous_9)
FNDA:0,(anonymous_10)
FNDA:1,(anonymous_11)
FNDA:1,(anonymous_12)
FNDA:5,(anonymous_13)
DA:1,2
DA:2,2
DA:4,2
DA:5,5
DA:6,5
DA:7,5
DA:9,5
DA:10,5
DA:16,3
DA:17,0
DA:18,0
DA:19,0
DA:24,5
DA:25,1
DA:26,1
DA:27,1
DA:30,5
DA:31,1
DA:34,5
DA:37,5
DA:50,2
LF:21
LH:18
BRF:0
BRH:0
end_of_record
TN:
SF:components/chats/chatRoom/MessageList.tsx
FN:11,(anonymous_1)
FN:36,(anonymous_2)
FN:59,(anonymous_3)
FN:79,(anonymous_4)
FN:92,(anonymous_5)
FN:99,(anonymous_6)
FNF:6
FNH:3
FNDA:3,(anonymous_1)
FNDA:6,(anonymous_2)
FNDA:0,(anonymous_3)
FNDA:9,(anonymous_4)
FNDA:0,(anonymous_5)
FNDA:0,(anonymous_6)
DA:2,1
DA:3,1
DA:5,1
DA:6,1
DA:8,1
DA:11,1
DA:34,3
DA:36,3
DA:37,6
DA:38,3
DA:41,3
DA:42,3
DA:43,3
DA:56,0
DA:58,3
DA:60,0
DA:61,0
DA:63,0
DA:64,0
DA:69,0
DA:70,0
DA:79,9
DA:81,3
DA:93,0
DA:94,0
DA:95,0
DA:97,0
DA:99,0
DA:105,1
LF:29
LH:17
BRDA:37,0,0,3
BRDA:41,1,0,3
BRDA:63,2,0,0
BRDA:63,2,1,0
BRDA:90,3,0,1
BRDA:90,3,1,2
BRDA:93,4,0,0
BRF:7
BRH:4
end_of_record
TN:
SF:components/chats/chatRoom/ReplyPreview.tsx
FN:8,(anonymous_1)
FN:34,(anonymous_2)
FNF:2
FNH:1
FNDA:1,(anonymous_1)
FNDA:0,(anonymous_2)
DA:1,1
DA:2,1
DA:3,1
DA:4,1
DA:8,1
DA:15,1
DA:34,0
DA:41,1
LF:8
LH:7
BRDA:18,0,0,1
BRDA:18,0,1,0
BRDA:20,1,0,1
BRDA:20,1,1,0
BRDA:20,2,0,0
BRDA:20,2,1,0
BRDA:25,3,0,1
BRDA:25,3,1,1
BRF:8
BRH:4
end_of_record
TN:
SF:components/chats/chatRoom/chatHeader/ChatHeader.tsx
FN:15,(anonymous_1)
FN:41,(anonymous_2)
FN:45,(anonymous_3)
FN:71,(anonymous_4)
FNF:4
FNH:2
FNDA:7,(anonymous_1)
FNDA:0,(anonymous_2)
FNDA:0,(anonymous_3)
FNDA:1,(anonymous_4)
DA:1,1
DA:2,1
DA:3,1
DA:4,1
DA:5,1
DA:6,1
DA:8,1
DA:9,1
DA:11,1
DA:12,1
DA:15,1
DA:26,7
DA:28,7
DA:30,7
DA:31,1
DA:34,6
DA:41,0
DA:45,0
DA:71,1
DA:82,1
LF:20
LH:18
BRDA:30,0,0,1
BRDA:37,1,0,1
BRDA:37,1,1,5
BRDA:46,2,0,0
BRDA:46,2,1,5
BRDA:56,3,0,2
BRDA:56,3,1,3
BRDA:63,4,0,1
BRDA:63,4,1,2
BRF:9
BRH:8
end_of_record
TN:
SF:components/chats/chatRoom/chatHeader/ChatHeaderSkeleton.tsx
FN:3,(anonymous_0)
FNF:1
FNH:1
FNDA:2,(anonymous_0)
DA:1,2
DA:3,2
DA:4,2
DA:14,2
LF:4
LH:4
BRF:0
BRH:0
end_of_record
TN:
SF:components/chats/chatRoom/chatTextInput/ChatTextInput.tsx
FN:19,(anonymous_7)
FN:38,(anonymous_8)
FN:46,(anonymous_9)
FN:53,(anonymous_10)
FN:70,(anonymous_11)
FNF:5
FNH:3
FNDA:10,(anonymous_7)
FNDA:8,(anonymous_8)
FNDA:2,(anonymous_9)
FNDA:0,(anonymous_10)
FNDA:0,(anonymous_11)
DA:1,1
DA:2,1
DA:3,1
DA:4,1
DA:19,1
DA:31,10
DA:32,10
DA:36,10
DA:38,10
DA:39,8
DA:40,1
DA:41,1
DA:42,1
DA:46,10
DA:47,2
DA:48,2
DA:49,1
DA:53,10
DA:54,0
DA:55,0
DA:56,0
DA:60,10
DA:70,0
DA:95,1
LF:24
LH:20
BRDA:23,0,0,9
BRDA:28,1,0,9
BRDA:29,2,0,9
BRDA:39,3,0,1
BRDA:48,4,0,1
BRDA:55,5,0,0
BRDA:73,6,0,10
BRDA:73,6,1,9
BRF:8
BRH:7
end_of_record
TN:
SF:components/chats/chatRoom/messageBubble/MessageBubble.tsx
FN:31,(anonymous_7)
FN:68,(anonymous_8)
FN:72,(anonymous_9)
FN:98,(anonymous_10)
FN:103,(anonymous_11)
FN:111,(anonymous_12)
FN:112,(anonymous_13)
FN:118,(anonymous_14)
FN:119,(anonymous_15)
FN:136,(anonymous_16)
FN:149,(anonymous_17)
FN:165,(anonymous_18)
FN:196,(anonymous_19)
FN:200,(anonymous_20)
FN:205,(anonymous_21)
FN:215,(anonymous_22)
FN:225,(anonymous_23)
FN:232,(anonymous_24)
FN:325,(anonymous_25)
FNF:19
FNH:6
FNDA:8,(anonymous_7)
FNDA:0,(anonymous_8)
FNDA:0,(anonymous_9)
FNDA:0,(anonymous_10)
FNDA:0,(anonymous_11)
FNDA:0,(anonymous_12)
FNDA:0,(anonymous_13)
FNDA:0,(anonymous_14)
FNDA:0,(anonymous_15)
FNDA:8,(anonymous_16)
FNDA:8,(anonymous_17)
FNDA:0,(anonymous_18)
FNDA:1,(anonymous_19)
FNDA:0,(anonymous_20)
FNDA:0,(anonymous_21)
FNDA:8,(anonymous_22)
FNDA:0,(anonymous_23)
FNDA:8,(anonymous_24)
FNDA:0,(anonymous_25)
DA:1,2
DA:2,2
DA:3,2
DA:4,2
DA:6,2
DA:7,2
DA:18,2
DA:19,2
DA:21,2
DA:22,2
DA:25,2
DA:26,0
DA:29,2
DA:31,2
DA:60,8
DA:61,8
DA:62,8
DA:63,8
DA:64,8
DA:65,8
DA:66,8
DA:68,8
DA:69,0
DA:70,0
DA:71,0
DA:73,0
DA:74,0
DA:77,0
DA:79,0
DA:80,0
DA:81,0
DA:82,0
DA:84,0
DA:85,0
DA:87,0
DA:88,0
DA:92,0
DA:98,8
DA:99,0
DA:100,0
DA:103,8
DA:104,0
DA:105,0
DA:107,0
DA:108,0
DA:111,8
DA:112,0
DA:119,0
DA:136,8
DA:137,8
DA:138,8
DA:149,8
DA:150,8
DA:165,0
DA:196,8
DA:197,1
DA:198,1
DA:200,1
DA:201,0
DA:205,8
DA:206,0
DA:215,8
DA:216,8
DA:225,8
DA:226,0
DA:227,0
DA:229,0
DA:232,8
DA:233,8
DA:255,8
DA:325,0
DA:335,2
DA:347,2
LF:73
LH:42
BRDA:25,0,0,0
BRDA:25,1,0,2
BRDA:25,1,1,0
BRDA:34,2,0,0
BRDA:69,3,0,0
BRDA:69,3,1,0
BRDA:69,4,0,0
BRDA:69,4,1,0
BRDA:73,5,0,0
BRDA:73,6,0,0
BRDA:73,6,1,0
BRDA:73,6,2,0
BRDA:73,6,3,0
BRDA:84,7,0,0
BRDA:84,8,0,0
BRDA:84,8,1,0
BRDA:104,9,0,0
BRDA:104,10,0,0
BRDA:104,10,1,0
BRDA:121,11,0,0
BRDA:121,11,1,0
BRDA:137,12,0,0
BRDA:141,13,0,4
BRDA:141,13,1,4
BRDA:142,14,0,4
BRDA:142,14,1,4
BRDA:155,15,0,8
BRDA:155,15,1,0
BRDA:159,16,0,1
BRDA:159,16,1,7
BRDA:160,17,0,1
BRDA:160,17,1,7
BRDA:163,18,0,8
BRDA:163,18,1,1
BRDA:175,19,0,8
BRDA:175,19,1,8
BRDA:177,20,0,1
BRDA:177,20,1,7
BRDA:178,21,0,1
BRDA:178,21,1,7
BRDA:183,22,0,8
BRDA:183,22,1,0
BRDA:186,23,0,8
BRDA:186,23,1,1
BRDA:188,24,0,1
BRDA:188,24,1,0
BRDA:197,25,0,1
BRDA:198,26,0,1
BRDA:198,26,1,1
BRDA:226,27,0,0
BRDA:226,28,0,0
BRDA:226,28,1,0
BRDA:233,29,0,5
BRDA:233,29,1,3
BRDA:236,30,0,5
BRDA:236,30,1,0
BRDA:240,31,0,1
BRDA:240,31,1,4
BRDA:240,32,0,0
BRDA:240,32,1,4
BRDA:243,33,0,5
BRDA:243,33,1,0
BRDA:263,34,0,0
BRDA:263,34,1,8
BRDA:264,35,0,8
BRDA:264,35,1,0
BRDA:285,36,0,8
BRDA:285,36,1,0
BRDA:289,37,0,0
BRDA:289,37,1,0
BRDA:301,38,0,0
BRDA:301,38,1,0
BRDA:315,39,0,8
BRDA:315,39,1,0
BRF:74
BRH:36
end_of_record
TN:
SF:components/chats/chatslist/chatsItem/ChatItem.tsx
FN:8,(anonymous_0)
FNF:1
FNH:1
FNDA:1,(anonymous_0)
DA:1,1
DA:2,1
DA:3,1
DA:5,1
DA:8,1
DA:9,1
DA:10,1
DA:37,1
LF:8
LH:8
BRDA:9,0,0,1
BRDA:9,0,1,0
BRDA:25,1,0,1
BRDA:25,1,1,1
BRF:4
BRH:3
end_of_record
TN:
SF:components/chats/chatslist/chatsListHeader/chatsListHeader.tsx
FN:8,(anonymous_0)
FN:29,(anonymous_1)
FNF:2
FNH:1
FNDA:2,(anonymous_0)
FNDA:0,(anonymous_1)
DA:1,1
DA:2,1
DA:3,1
DA:5,1
DA:6,1
DA:8,1
DA:15,2
DA:16,2
DA:19,0
DA:29,0
DA:41,1
LF:11
LH:9
BRDA:34,0,0,0
BRDA:34,0,1,0
BRF:2
BRH:0
end_of_record
TN:
SF:components/chats/modals/ImageMessagePreviewModal.tsx
FN:8,(anonymous_1)
FN:21,(anonymous_2)
FN:53,(anonymous_3)
FNF:3
FNH:0
FNDA:0,(anonymous_1)
FNDA:0,(anonymous_2)
FNDA:0,(anonymous_3)
DA:1,0
DA:2,0
DA:3,0
DA:5,0
DA:8,0
DA:21,0
DA:22,0
DA:25,0
DA:53,0
DA:66,0
LF:10
LH:0
BRDA:60,0,0,0
BRDA:60,0,1,0
BRF:2
BRH:0
end_of_record
TN:
SF:components/chats/modals/UserListModals.tsx
FN:31,(anonymous_1)
FN:44,(anonymous_2)
FN:44,(anonymous_3)
FN:47,(anonymous_4)
FN:95,(anonymous_5)
FN:96,(anonymous_6)
FN:99,(anonymous_7)
FN:109,(anonymous_8)
FNF:8
FNH:0
FNDA:0,(anonymous_1)
FNDA:0,(anonymous_2)
FNDA:0,(anonymous_3)
FNDA:0,(anonymous_4)
FNDA:0,(anonymous_5)
FNDA:0,(anonymous_6)
FNDA:0,(anonymous_7)
FNDA:0,(anonymous_8)
DA:1,0
DA:2,0
DA:3,0
DA:5,0
DA:16,0
DA:17,0
DA:31,0
DA:41,0
DA:43,0
DA:44,0
DA:47,0
DA:48,0
DA:49,0
DA:50,0
DA:51,0
DA:53,0
DA:54,0
DA:60,0
DA:61,0
DA:62,0
DA:64,0
DA:68,0
DA:95,0
DA:97,0
DA:99,0
DA:110,0
DA:121,0
LF:27
LH:0
BRDA:44,0,0,0
BRDA:44,0,1,0
BRDA:48,1,0,0
BRDA:56,2,0,0
BRDA:56,2,1,0
BRDA:76,3,0,0
BRDA:76,3,1,0
BRDA:79,4,0,0
BRDA:79,4,1,0
BRDA:85,5,0,0
BRDA:85,5,1,0
BRDA:90,6,0,0
BRDA:90,6,1,0
BRDA:90,6,2,0
BRF:14
BRH:0
end_of_record
TN:
SF:components/chats/shared/SearchInput.tsx
FN:6,(anonymous_1)
FN:23,(anonymous_2)
FNF:2
FNH:1
FNDA:1,(anonymous_1)
FNDA:0,(anonymous_2)
DA:1,1
DA:2,1
DA:4,1
DA:6,1
DA:15,1
DA:23,0
DA:33,1
LF:7
LH:6
BRF:0
BRH:0
end_of_record
TN:
SF:components/layout/AppLayout.tsx
FN:8,(anonymous_1)
FNF:1
FNH:0
FNDA:0,(anonymous_1)
DA:1,0
DA:2,0
DA:8,0
DA:9,0
DA:19,0
DA:30,0
LF:6
LH:0
BRF:0
BRH:0
end_of_record
TN:
SF:components/layout/ChatRoomLayout.tsx
FN:9,(anonymous_1)
FNF:1
FNH:0
FNDA:0,(anonymous_1)
DA:1,0
DA:2,0
DA:9,0
DA:10,0
DA:20,0
DA:30,0
LF:6
LH:0
BRF:0
BRH:0
end_of_record
TN:
SF:components/ui/DateHeader.tsx
FN:3,(anonymous_0)
FNF:1
FNH:1
FNDA:3,(anonymous_0)
DA:1,1
DA:3,1
DA:4,3
DA:13,1
LF:4
LH:4
BRF:0
BRH:0
end_of_record
TN:
SF:components/ui/index.ts
FN:1,(anonymous_1)
FN:2,(anonymous_2)
FN:3,(anonymous_3)
FN:4,(anonymous_4)
FNF:4
FNH:1
FNDA:3,(anonymous_1)
FNDA:0,(anonymous_2)
FNDA:0,(anonymous_3)
FNDA:0,(anonymous_4)
DA:1,4
DA:2,1
DA:3,1
DA:4,1
LF:4
LH:4
BRF:0
BRH:0
end_of_record
TN:
SF:components/ui/inputs/BaseInput.tsx
FN:32,(anonymous_6)
FN:70,(anonymous_7)
FN:71,(anonymous_8)
FNF:3
FNH:0
FNDA:0,(anonymous_6)
FNDA:0,(anonymous_7)
FNDA:0,(anonymous_8)
DA:1,1
DA:2,1
DA:3,1
DA:5,1
DA:32,1
DA:53,0
DA:55,0
DA:70,0
DA:72,0
DA:103,1
LF:10
LH:6
BRDA:34,0,0,0
BRDA:35,1,0,0
BRDA:39,2,0,0
BRDA:40,3,0,0
BRDA:42,4,0,0
BRDA:43,5,0,0
BRDA:44,6,0,0
BRDA:45,7,0,0
BRDA:46,8,0,0
BRDA:50,9,0,0
BRDA:60,10,0,0
BRDA:60,10,1,0
BRDA:61,11,0,0
BRDA:61,11,1,0
BRDA:67,12,0,0
BRDA:67,12,1,0
BRDA:80,13,0,0
BRDA:80,13,1,0
BRDA:80,14,0,0
BRDA:80,14,1,0
BRDA:83,15,0,0
BRDA:83,15,1,0
BRDA:87,16,0,0
BRDA:87,16,1,0
BRF:24
BRH:0
end_of_record
TN:
SF:components/ui/inputs/BaseSearchTextInput.tsx
FN:76,(anonymous_7)
FN:118,(anonymous_8)
FN:120,(anonymous_9)
FNF:3
FNH:1
FNDA:1,(anonymous_7)
FNDA:0,(anonymous_8)
FNDA:0,(anonymous_9)
DA:1,2
DA:2,2
DA:3,2
DA:4,2
DA:6,2
DA:76,2
DA:98,1
DA:100,1
DA:118,0
DA:121,0
DA:143,2
LF:11
LH:9
BRDA:77,0,0,1
BRDA:78,1,0,1
BRDA:82,2,0,1
BRDA:83,3,0,1
BRDA:85,4,0,1
BRDA:86,5,0,1
BRDA:87,6,0,1
BRDA:88,7,0,1
BRDA:89,8,0,1
BRDA:93,9,0,1
BRDA:94,10,0,1
BRDA:105,11,0,1
BRDA:105,11,1,0
BRDA:106,12,0,1
BRDA:106,12,1,0
BRDA:127,13,0,1
BRDA:127,13,1,0
BRF:17
BRH:14
end_of_record
TN:
SF:components/ui/inputs/BaseTextInput.tsx
FN:76,(anonymous_6)
FN:118,(anonymous_7)
FN:119,(anonymous_8)
FNF:3
FNH:0
FNDA:0,(anonymous_6)
FNDA:0,(anonymous_7)
FNDA:0,(anonymous_8)
DA:1,1
DA:2,1
DA:3,1
DA:5,1
DA:76,1
DA:99,0
DA:101,0
DA:118,0
DA:120,0
DA:150,1
LF:10
LH:6
BRDA:78,0,0,0
BRDA:79,1,0,0
BRDA:83,2,0,0
BRDA:84,3,0,0
BRDA:86,4,0,0
BRDA:87,5,0,0
BRDA:88,6,0,0
BRDA:89,7,0,0
BRDA:90,8,0,0
BRDA:94,9,0,0
BRDA:95,10,0,0
BRDA:106,11,0,0
BRDA:106,11,1,0
BRDA:107,12,0,0
BRDA:107,12,1,0
BRDA:113,13,0,0
BRDA:113,13,1,0
BRDA:127,14,0,0
BRDA:127,14,1,0
BRDA:127,15,0,0
BRDA:127,15,1,0
BRDA:130,16,0,0
BRDA:130,16,1,0
BRDA:134,17,0,0
BRDA:134,17,1,0
BRF:25
BRH:0
end_of_record
TN:
SF:context/NotificationContext.tsx
FN:24,(anonymous_6)
FN:33,(anonymous_7)
FN:45,(anonymous_8)
FN:56,(anonymous_9)
FN:58,(anonymous_10)
FN:59,(anonymous_11)
FN:62,(anonymous_12)
FN:67,(anonymous_13)
FN:77,(anonymous_14)
FN:85,(anonymous_15)
FN:95,(anonymous_16)
FN:113,(anonymous_17)
FN:119,(anonymous_18)
FN:124,(anonymous_19)
FN:126,(anonymous_20)
FNF:15
FNH:0
FNDA:0,(anonymous_6)
FNDA:0,(anonymous_7)
FNDA:0,(anonymous_8)
FNDA:0,(anonymous_9)
FNDA:0,(anonymous_10)
FNDA:0,(anonymous_11)
FNDA:0,(anonymous_12)
FNDA:0,(anonymous_13)
FNDA:0,(anonymous_14)
FNDA:0,(anonymous_15)
FNDA:0,(anonymous_16)
FNDA:0,(anonymous_17)
FNDA:0,(anonymous_18)
FNDA:0,(anonymous_19)
FNDA:0,(anonymous_20)
DA:1,0
DA:2,0
DA:4,0
DA:23,0
DA:24,0
DA:31,0
DA:33,0
DA:34,0
DA:35,0
DA:36,0
DA:38,0
DA:45,0
DA:46,0
DA:47,0
DA:48,0
DA:49,0
DA:53,0
DA:54,0
DA:56,0
DA:57,0
DA:58,0
DA:59,0
DA:62,0
DA:63,0
DA:64,0
DA:67,0
DA:68,0
DA:73,0
DA:74,0
DA:75,0
DA:76,0
DA:77,0
DA:78,0
DA:79,0
DA:80,0
DA:85,0
DA:86,0
DA:87,0
DA:89,0
DA:90,0
DA:95,0
DA:96,0
DA:97,0
DA:112,0
DA:113,0
DA:114,0
DA:119,0
DA:120,0
DA:121,0
DA:124,0
DA:125,0
DA:126,0
DA:127,0
DA:128,0
DA:129,0
DA:133,0
LF:56
LH:0
BRDA:35,0,0,0
BRDA:58,1,0,0
BRDA:58,1,1,0
BRDA:75,2,0,0
BRDA:86,3,0,0
BRDA:89,4,0,0
BRDA:101,5,0,0
BRDA:101,5,1,0
BRDA:103,6,0,0
BRDA:103,6,1,0
BRDA:112,7,0,0
BRF:11
BRH:0
end_of_record
TN:
SF:context/authContext.tsx
FN:19,useSession
FN:31,SessionProvider
FN:39,(anonymous_9)
FN:40,(anonymous_10)
FN:58,(anonymous_11)
FN:61,(anonymous_12)
FN:89,(anonymous_13)
FN:99,(anonymous_14)
FN:100,(anonymous_15)
FN:112,(anonymous_16)
FNF:10
FNH:0
FNDA:0,useSession
FNDA:0,SessionProvider
FNDA:0,(anonymous_9)
FNDA:0,(anonymous_10)
FNDA:0,(anonymous_11)
FNDA:0,(anonymous_12)
FNDA:0,(anonymous_13)
FNDA:0,(anonymous_14)
FNDA:0,(anonymous_15)
FNDA:0,(anonymous_16)
DA:1,0
DA:2,0
DA:3,0
DA:4,0
DA:5,0
DA:6,0
DA:17,0
DA:19,0
DA:20,0
DA:22,0
DA:23,0
DA:24,0
DA:28,0
DA:31,0
DA:32,0
DA:33,0
DA:34,0
DA:36,0
DA:37,0
DA:39,0
DA:40,0
DA:41,0
DA:42,0
DA:43,0
DA:46,0
DA:47,0
DA:49,0
DA:50,0
DA:53,0
DA:54,0
DA:58,0
DA:61,0
DA:62,0
DA:63,0
DA:64,0
DA:65,0
DA:70,0
DA:72,0
DA:78,0
DA:80,0
DA:85,0
DA:89,0
DA:90,0
DA:91,0
DA:92,0
DA:93,0
DA:94,0
DA:95,0
DA:101,0
DA:104,0
DA:106,0
DA:108,0
DA:112,0
DA:113,0
DA:114,0
DA:115,0
DA:116,0
DA:118,0
DA:122,0
LF:59
LH:0
BRDA:22,0,0,0
BRDA:23,1,0,0
BRDA:41,2,0,0
BRDA:41,2,1,0
BRDA:64,3,0,0
BRDA:64,3,1,0
BRDA:83,4,0,0
BRDA:83,4,1,0
BRDA:92,5,0,0
BRDA:92,5,1,0
BRF:10
BRH:0
end_of_record
TN:
SF:context/themeContext.tsx
FN:31,RootLayout
FNF:1
FNH:0
FNDA:0,RootLayout
DA:2,0
DA:3,0
DA:4,0
DA:7,0
DA:19,0
DA:31,0
DA:32,0
DA:34,0
LF:8
LH:0
BRDA:35,0,0,0
BRDA:35,0,1,0
BRF:2
BRH:0
end_of_record
TN:
SF:hooks/useChatRoomPresence.ts
FN:6,(anonymous_6)
FN:7,(anonymous_7)
FN:11,(anonymous_8)
FNF:3
FNH:3
FNDA:12,(anonymous_6)
FNDA:12,(anonymous_7)
FNDA:8,(anonymous_8)
DA:1,2
DA:4,2
DA:6,2
DA:7,12
DA:8,12
DA:9,8
DA:10,8
DA:11,8
DA:12,8
DA:17,2
LF:10
LH:10
BRDA:8,0,0,4
BRDA:8,1,0,12
BRDA:8,1,1,10
BRF:3
BRH:3
end_of_record
TN:
SF:hooks/useImagePicker.ts
FN:4,useImagePicker
FN:9,(anonymous_7)
FNF:2
FNH:0
FNDA:0,useImagePicker
FNDA:0,(anonymous_7)
DA:1,0
DA:2,0
DA:4,0
DA:5,0
DA:6,0
DA:7,0
DA:9,0
DA:10,0
DA:11,0
DA:12,0
DA:13,0
DA:14,0
DA:16,0
DA:22,0
DA:23,0
DA:26,0
DA:27,0
DA:31,0
LF:18
LH:0
BRDA:12,0,0,0
BRDA:22,1,0,0
BRDA:22,2,0,0
BRDA:22,2,1,0
BRDA:22,2,2,0
BRF:5
BRH:0
end_of_record
TN:
SF:hooks/useListenForMessages.ts
FN:24,(anonymous_1)
FN:39,(anonymous_2)
FN:48,(anonymous_3)
FN:63,(anonymous_4)
FN:70,(anonymous_5)
FN:74,(anonymous_6)
FN:83,(anonymous_7)
FN:93,(anonymous_8)
FN:94,(anonymous_9)
FN:95,(anonymous_10)
FN:101,(anonymous_11)
FN:118,(anonymous_12)
FN:121,(anonymous_13)
FN:140,(anonymous_14)
FN:141,(anonymous_15)
FN:158,(anonymous_16)
FN:160,(anonymous_17)
FNF:17
FNH:0
FNDA:0,(anonymous_1)
FNDA:0,(anonymous_2)
FNDA:0,(anonymous_3)
FNDA:0,(anonymous_4)
FNDA:0,(anonymous_5)
FNDA:0,(anonymous_6)
FNDA:0,(anonymous_7)
FNDA:0,(anonymous_8)
FNDA:0,(anonymous_9)
FNDA:0,(anonymous_10)
FNDA:0,(anonymous_11)
FNDA:0,(anonymous_12)
FNDA:0,(anonymous_13)
FNDA:0,(anonymous_14)
FNDA:0,(anonymous_15)
FNDA:0,(anonymous_16)
FNDA:0,(anonymous_17)
DA:1,0
DA:2,0
DA:3,0
DA:5,0
DA:7,0
DA:24,0
DA:33,0
DA:34,0
DA:35,0
DA:36,0
DA:38,0
DA:40,0
DA:41,0
DA:42,0
DA:49,0
DA:52,0
DA:53,0
DA:63,0
DA:64,0
DA:70,0
DA:71,0
DA:72,0
DA:73,0
DA:74,0
DA:76,0
DA:77,0
DA:78,0
DA:80,0
DA:81,0
DA:82,0
DA:83,0
DA:84,0
DA:85,0
DA:86,0
DA:87,0
DA:89,0
DA:90,0
DA:94,0
DA:95,0
DA:96,0
DA:98,0
DA:102,0
DA:106,0
DA:107,0
DA:108,0
DA:111,0
DA:112,0
DA:113,0
DA:115,0
DA:118,0
DA:121,0
DA:122,0
DA:123,0
DA:126,0
DA:127,0
DA:129,0
DA:130,0
DA:131,0
DA:132,0
DA:136,0
DA:137,0
DA:139,0
DA:140,0
DA:141,0
DA:142,0
DA:143,0
DA:144,0
DA:147,0
DA:150,0
DA:151,0
DA:152,0
DA:154,0
DA:158,0
DA:159,0
DA:160,0
DA:161,0
DA:165,0
DA:172,0
LF:78
LH:0
BRDA:31,0,0,0
BRDA:41,1,0,0
BRDA:41,1,1,0
BRDA:41,2,0,0
BRDA:41,2,1,0
BRDA:45,3,0,0
BRDA:45,3,1,0
BRDA:46,4,0,0
BRDA:46,4,1,0
BRDA:52,5,0,0
BRDA:52,6,0,0
BRDA:52,6,1,0
BRDA:71,7,0,0
BRDA:71,8,0,0
BRDA:71,8,1,0
BRDA:82,9,0,0
BRDA:82,9,1,0
BRDA:86,10,0,0
BRDA:95,11,0,0
BRDA:112,12,0,0
BRDA:112,12,1,0
BRDA:122,13,0,0
BRDA:122,14,0,0
BRDA:122,14,1,0
BRDA:122,14,2,0
BRDA:122,14,3,0
BRDA:129,15,0,0
BRDA:139,16,0,0
BRDA:139,16,1,0
BRDA:142,17,0,0
BRDA:151,18,0,0
BRDA:151,18,1,0
BRF:32
BRH:0
end_of_record
TN:
SF:hooks/useMarkMessagesAsRead.ts
FN:7,(anonymous_6)
FN:12,(anonymous_7)
FNF:2
FNH:2
FNDA:6,(anonymous_6)
FNDA:6,(anonymous_7)
DA:1,1
DA:4,1
DA:7,1
DA:12,6
DA:13,6
DA:14,3
DA:18,1
LF:7
LH:7
BRDA:13,0,0,3
BRDA:13,1,0,6
BRDA:13,1,1,5
BRDA:13,1,2,4
BRF:4
BRH:4
end_of_record
TN:
SF:hooks/useSendMessage.ts
FN:8,useSendMessage
FN:23,(anonymous_7)
FN:43,(anonymous_8)
FN:54,(anonymous_9)
FN:59,(anonymous_10)
FNF:5
FNH:2
FNDA:11,useSendMessage
FNDA:0,(anonymous_7)
FNDA:0,(anonymous_8)
FNDA:0,(anonymous_9)
FNDA:4,(anonymous_10)
DA:1,1
DA:3,1
DA:5,1
DA:8,1
DA:14,11
DA:15,11
DA:16,11
DA:22,11
DA:24,0
DA:25,0
DA:26,0
DA:28,0
DA:29,0
DA:30,0
DA:37,0
DA:38,0
DA:40,0
DA:44,0
DA:45,0
DA:46,0
DA:47,0
DA:48,0
DA:50,0
DA:51,0
DA:55,0
DA:59,11
DA:60,4
DA:61,4
DA:62,2
DA:64,2
DA:65,1
DA:66,1
DA:68,2
DA:69,2
DA:72,11
LF:35
LH:18
BRDA:25,0,0,0
BRDA:25,1,0,0
BRDA:25,1,1,0
BRDA:29,2,0,0
BRDA:29,2,1,0
BRDA:37,3,0,0
BRDA:37,3,1,0
BRDA:46,4,0,0
BRDA:50,5,0,0
BRDA:50,6,0,0
BRDA:50,6,1,0
BRDA:61,7,0,2
BRDA:61,8,0,4
BRDA:61,8,1,2
BRDA:61,8,2,3
BRDA:61,8,3,2
BRDA:64,9,0,1
BRF:17
BRH:6
end_of_record
TN:
SF:hooks/useTypingStatus.ts
FN:6,(anonymous_6)
FN:8,(anonymous_7)
FN:18,(anonymous_8)
FN:26,(anonymous_9)
FNF:4
FNH:4
FNDA:9,(anonymous_6)
FNDA:9,(anonymous_7)
FNDA:2,(anonymous_8)
FNDA:7,(anonymous_9)
DA:2,1
DA:4,1
DA:6,1
DA:7,9
DA:8,9
DA:9,9
DA:11,7
DA:12,2
DA:13,2
DA:16,7
DA:17,6
DA:18,6
DA:19,2
DA:20,2
DA:23,1
DA:26,7
DA:27,7
DA:28,4
DA:34,1
LF:19
LH:19
BRDA:9,0,0,2
BRDA:9,1,0,9
BRDA:9,1,1,8
BRDA:11,2,0,2
BRDA:16,3,0,6
BRDA:16,3,1,1
BRDA:27,4,0,4
BRF:7
BRH:7
end_of_record
TN:
SF:lib/data.ts
FNF:0
FNH:0
DA:1,5
DA:2,5
LF:2
LH:2
BRF:0
BRH:0
end_of_record
TN:
SF:lib/firebase-config.ts
FNF:0
FNH:0
DA:1,8
DA:2,8
DA:3,8
DA:5,8
DA:14,8
DA:16,8
DA:20,8
DA:22,8
LF:8
LH:8
BRF:0
BRH:0
end_of_record
TN:
SF:lib/firebase-sevice.ts
FN:53,login
FN:70,logout
FN:79,register
FN:96,(anonymous_4)
FN:104,(anonymous_5)
FN:111,(anonymous_6)
FN:115,(anonymous_7)
FN:123,(anonymous_8)
FN:147,(anonymous_9)
FN:157,(anonymous_10)
FN:166,(anonymous_11)
FN:173,(anonymous_12)
FN:174,(anonymous_13)
FN:185,(anonymous_14)
FN:249,(anonymous_15)
FN:256,(anonymous_16)
FN:263,(anonymous_17)
FN:270,(anonymous_18)
FN:281,(anonymous_19)
FN:294,(anonymous_20)
FN:299,(anonymous_21)
FN:304,(anonymous_22)
FN:307,(anonymous_23)
FN:314,(anonymous_24)
FN:328,(anonymous_25)
FN:368,(anonymous_26)
FN:383,(anonymous_27)
FN:404,(anonymous_28)
FN:422,(anonymous_29)
FN:443,(anonymous_30)
FN:457,(anonymous_31)
FN:461,(anonymous_32)
FN:472,(anonymous_33)
FN:473,(anonymous_34)
FN:478,(anonymous_35)
FN:487,(anonymous_36)
FN:522,(anonymous_37)
FN:537,(anonymous_38)
FN:540,(anonymous_39)
FN:544,(anonymous_40)
FN:547,(anonymous_41)
FN:585,(anonymous_42)
FN:590,(anonymous_43)
FNF:43
FNH:7
FNDA:0,login
FNDA:0,logout
FNDA:0,register
FNDA:0,(anonymous_4)
FNDA:0,(anonymous_5)
FNDA:0,(anonymous_6)
FNDA:0,(anonymous_7)
FNDA:0,(anonymous_8)
FNDA:0,(anonymous_9)
FNDA:0,(anonymous_10)
FNDA:0,(anonymous_11)
FNDA:0,(anonymous_12)
FNDA:0,(anonymous_13)
FNDA:0,(anonymous_14)
FNDA:0,(anonymous_15)
FNDA:0,(anonymous_16)
FNDA:0,(anonymous_17)
FNDA:16,(anonymous_18)
FNDA:8,(anonymous_19)
FNDA:6,(anonymous_20)
FNDA:3,(anonymous_21)
FNDA:5,(anonymous_22)
FNDA:5,(anonymous_23)
FNDA:0,(anonymous_24)
FNDA:0,(anonymous_25)
FNDA:0,(anonymous_26)
FNDA:0,(anonymous_27)
FNDA:0,(anonymous_28)
FNDA:0,(anonymous_29)
FNDA:0,(anonymous_30)
FNDA:0,(anonymous_31)
FNDA:0,(anonymous_32)
FNDA:0,(anonymous_33)
FNDA:0,(anonymous_34)
FNDA:0,(anonymous_35)
FNDA:0,(anonymous_36)
FNDA:0,(anonymous_37)
FNDA:0,(anonymous_38)
FNDA:0,(anonymous_39)
FNDA:0,(anonymous_40)
FNDA:0,(anonymous_41)
FNDA:3,(anonymous_42)
FNDA:0,(anonymous_43)
DA:1,7
DA:9,7
DA:26,7
DA:33,7
DA:34,7
DA:36,7
DA:51,7
DA:53,7
DA:57,0
DA:58,0
DA:59,0
DA:61,0
DA:66,0
DA:70,7
DA:71,0
DA:72,0
DA:74,0
DA:75,0
DA:79,7
DA:84,0
DA:85,0
DA:86,0
DA:87,0
DA:89,0
DA:91,0
DA:92,0
DA:96,7
DA:97,0
DA:104,7
DA:108,0
DA:109,0
DA:112,0
DA:113,0
DA:114,0
DA:115,0
DA:116,0
DA:117,0
DA:118,0
DA:119,0
DA:120,0
DA:121,0
DA:122,0
DA:123,0
DA:124,0
DA:125,0
DA:126,0
DA:127,0
DA:129,0
DA:137,0
DA:138,0
DA:140,0
DA:141,0
DA:145,0
DA:146,0
DA:147,0
DA:148,0
DA:150,0
DA:151,0
DA:154,0
DA:158,0
DA:159,0
DA:163,0
DA:166,7
DA:167,0
DA:168,0
DA:169,0
DA:170,0
DA:171,0
DA:172,0
DA:173,0
DA:174,0
DA:175,0
DA:177,0
DA:180,0
DA:181,0
DA:185,7
DA:191,0
DA:192,0
DA:193,0
DA:194,0
DA:196,0
DA:197,0
DA:198,0
DA:199,0
DA:202,0
DA:203,0
DA:204,0
DA:205,0
DA:208,0
DA:217,0
DA:222,0
DA:230,0
DA:231,0
DA:232,0
DA:237,0
DA:238,0
DA:240,0
DA:241,0
DA:242,0
DA:244,0
DA:245,0
DA:249,7
DA:253,0
DA:254,0
DA:257,0
DA:258,0
DA:260,0
DA:264,0
DA:265,0
DA:270,7
DA:271,16
DA:272,16
DA:273,16
DA:277,16
DA:278,16
DA:281,7
DA:282,8
DA:283,8
DA:284,8
DA:288,8
DA:294,7
DA:295,6
DA:296,6
DA:299,7
DA:304,5
DA:305,3
DA:306,3
DA:307,3
DA:308,5
DA:310,3
DA:314,7
DA:318,0
DA:320,0
DA:321,0
DA:322,0
DA:323,0
DA:326,0
DA:327,0
DA:328,0
DA:331,0
DA:332,0
DA:334,0
DA:337,0
DA:338,0
DA:341,0
DA:342,0
DA:343,0
DA:344,0
DA:346,0
DA:348,0
DA:349,0
DA:350,0
DA:352,0
DA:361,0
DA:363,0
DA:364,0
DA:368,7
DA:372,0
DA:373,0
DA:378,0
DA:379,0
DA:380,0
DA:381,0
DA:382,0
DA:383,0
DA:394,0
DA:396,0
DA:399,0
DA:400,0
DA:404,7
DA:409,0
DA:410,0
DA:417,0
DA:418,0
DA:419,0
DA:420,0
DA:421,0
DA:422,0
DA:433,0
DA:435,0
DA:438,0
DA:439,0
DA:443,7
DA:449,0
DA:450,0
DA:455,0
DA:458,0
DA:459,0
DA:460,0
DA:461,0
DA:472,0
DA:473,0
DA:474,0
DA:479,0
DA:480,0
DA:484,0
DA:487,7
DA:493,0
DA:494,0
DA:495,0
DA:496,0
DA:503,0
DA:504,0
DA:505,0
DA:514,0
DA:515,0
DA:517,0
DA:518,0
DA:522,7
DA:529,0
DA:530,0
DA:531,0
DA:532,0
DA:534,0
DA:535,0
DA:536,0
DA:537,0
DA:538,0
DA:541,0
DA:542,0
DA:545,0
DA:548,0
DA:552,0
DA:553,0
DA:554,0
DA:568,0
DA:569,0
DA:578,0
DA:580,0
DA:581,0
DA:585,7
DA:586,3
DA:587,3
DA:590,7
DA:596,0
DA:597,0
LF:236
LH:46
BRDA:86,0,0,0
BRDA:113,1,0,0
BRDA:113,1,1,0
BRDA:119,2,0,0
BRDA:121,3,0,0
BRDA:121,3,1,0
BRDA:126,4,0,0
BRDA:170,5,0,0
BRDA:170,5,1,0
BRDA:181,6,0,0
BRDA:181,6,1,0
BRDA:197,7,0,0
BRDA:203,8,0,0
BRDA:245,9,0,0
BRDA:245,9,1,0
BRDA:257,10,0,0
BRDA:257,10,1,0
BRDA:304,11,0,5
BRDA:304,11,1,5
BRDA:305,12,0,3
BRDA:322,13,0,0
BRDA:327,14,0,0
BRDA:327,14,1,0
BRDA:331,15,0,0
BRDA:331,15,1,0
BRDA:337,16,0,0
BRDA:343,17,0,0
BRDA:343,18,0,0
BRDA:343,18,1,0
BRDA:350,19,0,0
BRDA:350,19,1,0
BRDA:355,20,0,0
BRDA:355,20,1,0
BRDA:356,21,0,0
BRDA:356,21,1,0
BRDA:357,22,0,0
BRDA:357,22,1,0
BRDA:358,23,0,0
BRDA:358,23,1,0
BRDA:370,24,0,0
BRDA:381,25,0,0
BRDA:381,25,1,0
BRDA:386,26,0,0
BRDA:386,26,1,0
BRDA:389,27,0,0
BRDA:389,27,1,0
BRDA:390,28,0,0
BRDA:390,28,1,0
BRDA:391,29,0,0
BRDA:391,29,1,0
BRDA:407,30,0,0
BRDA:420,31,0,0
BRDA:420,31,1,0
BRDA:425,32,0,0
BRDA:425,32,1,0
BRDA:428,33,0,0
BRDA:428,33,1,0
BRDA:429,34,0,0
BRDA:429,34,1,0
BRDA:430,35,0,0
BRDA:430,35,1,0
BRDA:459,36,0,0
BRDA:464,37,0,0
BRDA:464,37,1,0
BRDA:467,38,0,0
BRDA:467,38,1,0
BRDA:468,39,0,0
BRDA:468,39,1,0
BRDA:469,40,0,0
BRDA:469,40,1,0
BRDA:480,41,0,0
BRDA:480,41,1,0
BRDA:491,42,0,0
BRDA:501,43,0,0
BRDA:501,43,1,0
BRDA:526,44,0,0
BRDA:527,45,0,0
BRDA:560,46,0,0
BRDA:560,46,1,0
BRDA:571,47,0,0
BRDA:571,47,1,0
BRF:81
BRH:3
end_of_record
TN:
SF:lib/helpers.ts
FN:3,(anonymous_0)
FN:15,(anonymous_1)
FN:45,(anonymous_2)
FN:71,(anonymous_3)
FN:101,(anonymous_4)
FNF:5
FNH:5
FNDA:9,(anonymous_0)
FNDA:7,(anonymous_1)
FNDA:10,(anonymous_2)
FNDA:8,(anonymous_3)
FNDA:2,(anonymous_4)
DA:1,5
DA:3,5
DA:4,9
DA:5,9
DA:6,9
DA:7,9
DA:9,9
DA:10,9
DA:12,9
DA:15,5
DA:16,7
DA:17,7
DA:18,7
DA:19,7
DA:22,7
DA:23,2
DA:27,5
DA:28,1
DA:32,4
DA:33,1
DA:37,3
DA:38,3
DA:39,3
DA:40,3
DA:42,3
DA:45,5
DA:46,10
DA:48,10
DA:49,10
DA:50,10
DA:52,10
DA:53,8
DA:55,7
DA:56,7
DA:58,6
DA:59,6
DA:61,5
DA:62,5
DA:64,3
DA:65,3
DA:67,1
DA:68,1
DA:71,5
DA:72,8
DA:73,8
DA:74,8
DA:75,8
DA:77,8
DA:78,8
DA:79,8
DA:81,8
DA:82,8
DA:83,8
DA:86,8
DA:87,2
DA:91,6
DA:92,1
DA:96,5
DA:98,5
DA:101,5
DA:102,2
DA:103,2
DA:104,2
DA:105,2
LF:64
LH:64
BRDA:7,0,0,1
BRDA:7,0,1,8
BRDA:9,1,0,9
BRDA:9,1,1,0
BRDA:10,2,0,4
BRDA:10,2,1,5
BRDA:22,3,0,2
BRDA:27,4,0,1
BRDA:32,5,0,1
BRDA:40,6,0,0
BRDA:40,6,1,3
BRDA:46,7,0,0
BRDA:52,8,0,2
BRDA:53,9,0,1
BRDA:56,10,0,1
BRDA:59,11,0,1
BRDA:62,12,0,2
BRDA:65,13,0,2
BRDA:79,14,0,6
BRDA:79,14,1,2
BRDA:81,15,0,8
BRDA:81,15,1,0
BRDA:82,16,0,1
BRDA:82,16,1,7
BRDA:86,17,0,2
BRDA:91,18,0,1
BRDA:102,19,0,0
BRDA:102,20,0,2
BRDA:102,20,1,2
BRDA:106,21,0,2
BRDA:106,21,1,2
BRDA:106,21,2,2
BRF:32
BRH:27
end_of_record
TN:
SF:lib/registerForPushNotificationAsync.ts
FN:6,handleRegistrationError
FN:12,registerForPushNotificationsAsync
FNF:2
FNH:0
FNDA:0,handleRegistrationError
FNDA:0,registerForPushNotificationsAsync
DA:1,0
DA:2,0
DA:3,0
DA:4,0
DA:7,0
DA:8,0
DA:12,0
DA:13,0
DA:14,0
DA:22,0
DA:23,0
DA:24,0
DA:25,0
DA:26,0
DA:27,0
DA:29,0
DA:30,0
DA:31,0
DA:34,0
DA:35,0
DA:36,0
DA:38,0
DA:39,0
DA:44,0
DA:45,0
DA:47,0
DA:50,0
LF:27
LH:0
BRDA:13,0,0,0
BRDA:22,1,0,0
BRDA:22,1,1,0
BRDA:25,2,0,0
BRDA:29,3,0,0
BRDA:34,4,0,0
BRDA:34,4,1,0
BRDA:35,5,0,0
BRF:8
BRH:0
end_of_record
TN:
SF:lib/toast-config.tsx
FN:12,(anonymous_1)
FN:31,(anonymous_2)
FN:34,(anonymous_3)
FN:37,(anonymous_4)
FNF:4
FNH:0
FNDA:0,(anonymous_1)
FNDA:0,(anonymous_2)
FNDA:0,(anonymous_3)
FNDA:0,(anonymous_4)
DA:2,0
DA:3,0
DA:4,0
DA:12,0
DA:14,0
DA:30,0
DA:32,0
DA:35,0
DA:38,0
DA:42,0
DA:64,0
LF:11
LH:0
BRDA:17,0,0,0
BRDA:17,0,1,0
BRDA:22,1,0,0
BRDA:22,1,1,0
BRDA:23,2,0,0
BRDA:23,2,1,0
BRF:6
BRH:0
end_of_record
TN:
SF:lib/useStorage.tsx
FN:7,useAsyncState
FN:9,(anonymous_7)
FN:14,setStorageItemAsync
FN:34,useStorageState
FN:39,(anonymous_10)
FN:49,(anonymous_11)
FN:57,(anonymous_12)
FNF:7
FNH:0
FNDA:0,useAsyncState
FNDA:0,(anonymous_7)
FNDA:0,setStorageItemAsync
FNDA:0,useStorageState
FNDA:0,(anonymous_10)
FNDA:0,(anonymous_11)
FNDA:0,(anonymous_12)
DA:1,0
DA:2,0
DA:3,0
DA:8,0
DA:9,0
DA:14,0
DA:15,0
DA:16,0
DA:17,0
DA:18,0
DA:20,0
DA:23,0
DA:26,0
DA:27,0
DA:29,0
DA:34,0
DA:36,0
DA:39,0
DA:40,0
DA:41,0
DA:42,0
DA:43,0
DA:46,0
DA:49,0
DA:50,0
DA:56,0
DA:58,0
DA:59,0
DA:64,0
LF:29
LH:0
BRDA:7,0,0,0
BRDA:9,1,0,0
BRDA:15,2,0,0
BRDA:15,2,1,0
BRDA:17,3,0,0
BRDA:17,3,1,0
BRDA:26,4,0,0
BRDA:26,4,1,0
BRDA:40,5,0,0
BRDA:40,5,1,0
BRDA:42,6,0,0
BRF:11
BRH:0
end_of_record
TN:
SF:lib/queries/useAllUsers.ts
FN:11,useAllUsers
FN:14,(anonymous_1)
FNF:2
FNH:0
FNDA:0,useAllUsers
FNDA:0,(anonymous_1)
DA:1,0
DA:3,0
DA:5,0
DA:11,0
DA:12,0
DA:15,0
DA:16,0
DA:18,0
LF:8
LH:0
BRDA:11,0,0,0
BRDA:15,1,0,0
BRDA:20,2,0,0
BRDA:20,2,1,0
BRF:4
BRH:0
end_of_record
TN:
SF:lib/queries/useChatPartner.ts
FN:8,useChatPartner
FN:11,(anonymous_7)
FNF:2
FNH:0
FNDA:0,useChatPartner
FNDA:0,(anonymous_7)
DA:1,0
DA:2,0
DA:4,0
DA:6,0
DA:8,0
DA:9,0
DA:12,0
DA:13,0
DA:14,0
DA:16,0
DA:17,0
DA:18,0
DA:19,0
DA:21,0
LF:14
LH:0
BRDA:12,0,0,0
BRDA:12,1,0,0
BRDA:12,1,1,0
BRDA:17,2,0,0
BRDA:23,3,0,0
BRDA:23,3,1,0
BRF:6
BRH:0
end_of_record
TN:
SF:lib/queries/useCurrentUser.ts
FN:7,useCurrentUser
FN:10,(anonymous_1)
FNF:2
FNH:1
FNDA:2,useCurrentUser
FNDA:0,(anonymous_1)
DA:1,1
DA:3,1
DA:5,1
DA:7,1
DA:8,2
DA:11,0
DA:12,0
DA:13,0
DA:15,0
LF:9
LH:5
BRDA:12,0,0,0
BRF:1
BRH:0
end_of_record
TN:
SF:screens/ChatRoomScreen.tsx
FN:29,(anonymous_1)
FN:66,(anonymous_2)
FN:74,(anonymous_3)
FN:86,(anonymous_4)
FN:93,(anonymous_5)
FN:100,(anonymous_6)
FN:102,(anonymous_7)
FN:123,(anonymous_8)
FN:133,(anonymous_9)
FN:134,(anonymous_10)
FN:202,(anonymous_11)
FN:203,(anonymous_12)
FN:213,(anonymous_13)
FN:215,(anonymous_14)
FNF:14
FNH:0
FNDA:0,(anonymous_1)
FNDA:0,(anonymous_2)
FNDA:0,(anonymous_3)
FNDA:0,(anonymous_4)
FNDA:0,(anonymous_5)
FNDA:0,(anonymous_6)
FNDA:0,(anonymous_7)
FNDA:0,(anonymous_8)
FNDA:0,(anonymous_9)
FNDA:0,(anonymous_10)
FNDA:0,(anonymous_11)
FNDA:0,(anonymous_12)
FNDA:0,(anonymous_13)
FNDA:0,(anonymous_14)
DA:1,0
DA:2,0
DA:3,0
DA:4,0
DA:6,0
DA:7,0
DA:8,0
DA:10,0
DA:11,0
DA:12,0
DA:13,0
DA:14,0
DA:15,0
DA:16,0
DA:17,0
DA:18,0
DA:19,0
DA:20,0
DA:29,0
DA:30,0
DA:32,0
DA:33,0
DA:34,0
DA:35,0
DA:36,0
DA:37,0
DA:38,0
DA:39,0
DA:40,0
DA:41,0
DA:42,0
DA:48,0
DA:50,0
DA:51,0
DA:52,0
DA:60,0
DA:62,0
DA:63,0
DA:65,0
DA:67,0
DA:68,0
DA:73,0
DA:75,0
DA:76,0
DA:86,0
DA:87,0
DA:88,0
DA:89,0
DA:93,0
DA:94,0
DA:95,0
DA:96,0
DA:98,0
DA:99,0
DA:100,0
DA:102,0
DA:103,0
DA:104,0
DA:109,0
DA:111,0
DA:116,0
DA:118,0
DA:120,0
DA:123,0
DA:124,0
DA:125,0
DA:126,0
DA:127,0
DA:130,0
DA:131,0
DA:133,0
DA:134,0
DA:135,0
DA:140,0
DA:145,0
DA:146,0
DA:147,0
DA:148,0
DA:149,0
DA:153,0
DA:202,0
DA:204,0
DA:213,0
DA:215,0
DA:223,0
LF:85
LH:0
BRDA:75,0,0,0
BRDA:75,1,0,0
BRDA:75,1,1,0
BRDA:87,2,0,0
BRDA:87,3,0,0
BRDA:87,3,1,0
BRDA:94,4,0,0
BRDA:94,5,0,0
BRDA:94,5,1,0
BRDA:103,6,0,0
BRDA:103,7,0,0
BRDA:103,7,1,0
BRDA:124,8,0,0
BRDA:124,9,0,0
BRDA:124,9,1,0
BRDA:124,9,2,0
BRDA:135,10,0,0
BRDA:136,11,0,0
BRDA:136,11,1,0
BRDA:136,11,2,0
BRDA:146,12,0,0
BRDA:146,12,1,0
BRDA:148,13,0,0
BRDA:162,14,0,0
BRDA:162,14,1,0
BRDA:167,15,0,0
BRDA:167,15,1,0
BRDA:174,16,0,0
BRDA:174,16,1,0
BRDA:194,17,0,0
BRDA:194,17,1,0
BRF:31
BRH:0
end_of_record
TN:
SF:screens/ChatsListScreen.tsx
FN:16,(anonymous_1)
FN:37,(anonymous_2)
FN:47,(anonymous_3)
FN:58,(anonymous_4)
FN:61,(anonymous_5)
FN:65,(anonymous_6)
FN:70,(anonymous_7)
FN:77,(anonymous_8)
FN:81,(anonymous_9)
FN:112,(anonymous_10)
FN:116,(anonymous_11)
FN:131,(anonymous_12)
FN:132,(anonymous_13)
FNF:13
FNH:0
FNDA:0,(anonymous_1)
FNDA:0,(anonymous_2)
FNDA:0,(anonymous_3)
FNDA:0,(anonymous_4)
FNDA:0,(anonymous_5)
FNDA:0,(anonymous_6)
FNDA:0,(anonymous_7)
FNDA:0,(anonymous_8)
FNDA:0,(anonymous_9)
FNDA:0,(anonymous_10)
FNDA:0,(anonymous_11)
FNDA:0,(anonymous_12)
FNDA:0,(anonymous_13)
DA:1,0
DA:3,0
DA:4,0
DA:6,0
DA:7,0
DA:9,0
DA:10,0
DA:11,0
DA:12,0
DA:13,0
DA:16,0
DA:17,0
DA:18,0
DA:19,0
DA:20,0
DA:21,0
DA:22,0
DA:24,0
DA:27,0
DA:28,0
DA:35,0
DA:37,0
DA:38,0
DA:39,0
DA:40,0
DA:41,0
DA:44,0
DA:45,0
DA:47,0
DA:48,0
DA:49,0
DA:50,0
DA:51,0
DA:53,0
DA:54,0
DA:56,0
DA:58,0
DA:61,0
DA:62,0
DA:63,0
DA:64,0
DA:65,0
DA:66,0
DA:70,0
DA:71,0
DA:72,0
DA:73,0
DA:77,0
DA:78,0
DA:81,0
DA:82,0
DA:85,0
DA:86,0
DA:96,0
DA:97,0
DA:106,0
DA:112,0
DA:116,0
DA:131,0
DA:132,0
DA:151,0
LF:61
LH:0
BRDA:31,0,0,0
BRDA:38,1,0,0
BRDA:48,2,0,0
BRDA:48,2,1,0
BRDA:50,3,0,0
BRDA:50,3,1,0
BRDA:63,4,0,0
BRDA:71,5,0,0
BRDA:71,5,1,0
BRDA:72,6,0,0
BRDA:72,6,1,0
BRDA:85,7,0,0
BRDA:96,8,0,0
BRDA:108,9,0,0
BRDA:108,9,1,0
BRDA:124,10,0,0
BRDA:124,10,1,0
BRF:17
BRH:0
end_of_record
TN:
SF:screens/OnboardingScreen.tsx
FN:6,(anonymous_0)
FNF:1
FNH:0
FNDA:0,(anonymous_0)
DA:1,0
DA:2,0
DA:4,0
DA:6,0
DA:8,0
DA:38,0
LF:6
LH:0
BRF:0
BRH:0
end_of_record
TN:
SF:screens/ProfileScreen.tsx
FN:6,(anonymous_0)
FN:9,(anonymous_1)
FN:17,(anonymous_2)
FNF:3
FNH:3
FNDA:1,(anonymous_0)
FNDA:1,(anonymous_1)
FNDA:1,(anonymous_2)
DA:1,1
DA:2,1
DA:4,1
DA:6,1
DA:7,1
DA:9,1
DA:10,1
DA:11,1
DA:13,1
DA:17,1
DA:24,1
LF:11
LH:11
BRF:0
BRH:0
end_of_record
TN:
SF:screens/SignInScreen.tsx
FN:10,SignIn
FN:15,(anonymous_2)
FN:25,(anonymous_3)
FN:28,(anonymous_4)
FN:45,(anonymous_5)
FNF:5
FNH:0
FNDA:0,SignIn
FNDA:0,(anonymous_2)
FNDA:0,(anonymous_3)
FNDA:0,(anonymous_4)
FNDA:0,(anonymous_5)
DA:1,0
DA:2,0
DA:3,0
DA:4,0
DA:5,0
DA:6,0
DA:8,0
DA:10,0
DA:11,0
DA:12,0
DA:13,0
DA:15,0
DA:16,0
DA:17,0
DA:19,0
DA:23,0
DA:26,0
DA:29,0
DA:30,0
DA:36,0
DA:45,0
DA:46,0
DA:49,0
LF:23
LH:0
BRDA:29,0,0,0
BRDA:29,0,1,0
BRDA:88,1,0,0
BRDA:88,1,1,0
BRF:4
BRH:0
end_of_record
TN:
SF:screens/SignUpScreen.tsx
FN:10,SignUp
FN:16,(anonymous_2)
FN:27,(anonymous_3)
FN:30,(anonymous_4)
FN:47,(anonymous_5)
FNF:5
FNH:0
FNDA:0,SignUp
FNDA:0,(anonymous_2)
FNDA:0,(anonymous_3)
FNDA:0,(anonymous_4)
FNDA:0,(anonymous_5)
DA:1,0
DA:2,0
DA:3,0
DA:4,0
DA:5,0
DA:6,0
DA:8,0
DA:10,0
DA:11,0
DA:12,0
DA:13,0
DA:14,0
DA:16,0
DA:17,0
DA:18,0
DA:19,0
DA:21,0
DA:25,0
DA:28,0
DA:31,0
DA:32,0
DA:38,0
DA:47,0
DA:48,0
DA:51,0
LF:25
LH:0
BRDA:31,0,0,0
BRDA:31,0,1,0
BRDA:95,1,0,0
BRDA:95,1,1,0
BRF:4
BRH:0
end_of_record
TN:
SF:store/index.ts
FN:28,(anonymous_1)
FN:39,(anonymous_2)
FN:52,(anonymous_3)
FNF:3
FNH:0
FNDA:0,(anonymous_1)
FNDA:0,(anonymous_2)
FNDA:0,(anonymous_3)
DA:1,0
DA:2,0
DA:3,0
DA:4,0
DA:15,0
DA:17,0
DA:24,0
DA:28,0
DA:29,0
DA:35,0
DA:37,0
DA:40,0
DA:47,0
DA:52,0
DA:53,0
LF:15
LH:0
BRF:0
BRH:0
end_of_record
TN:
SF:store/chat/actions.ts
FN:8,(anonymous_0)
FN:24,(anonymous_1)
FN:39,(anonymous_2)
FNF:3
FNH:0
FNDA:0,(anonymous_0)
FNDA:0,(anonymous_1)
FNDA:0,(anonymous_2)
DA:1,0
DA:2,0
DA:6,0
DA:9,0
DA:10,0
DA:11,0
DA:12,0
DA:14,0
DA:17,0
DA:22,0
DA:25,0
DA:26,0
DA:27,0
DA:28,0
DA:30,0
DA:32,0
DA:37,0
DA:40,0
DA:41,0
DA:42,0
DA:43,0
DA:45,0
DA:47,0
LF:23
LH:0
BRDA:11,0,0,0
BRDA:27,1,0,0
BRDA:42,2,0,0
BRF:3
BRH:0
end_of_record
TN:
SF:store/chat/index.ts
FN:17,(anonymous_0)
FN:22,(anonymous_1)
FNF:2
FNH:0
FNDA:0,(anonymous_0)
FNDA:0,(anonymous_1)
DA:1,0
DA:4,0
DA:6,0
DA:13,0
DA:18,0
DA:25,0
DA:27,0
LF:7
LH:0
BRF:0
BRH:0
end_of_record
TN:
SF:store/chat/service.ts
FNF:0
FNH:0
DA:8,0
LF:1
LH:0
BRF:0
BRH:0
end_of_record
